<html>
<head>
<title>TestNG:  AccountAccessRegressionTest</title>
<link href="../testng.css" rel="stylesheet" type="text/css" />
<link href="../my-testng.css" rel="stylesheet" type="text/css" />

<style type="text/css">
.log { display: none;} 
.stack-trace { display: none;} 
</style>
<script type="text/javascript">
<!--
function flip(e) {
  current = e.style.display;
  if (current == 'block') {
    e.style.display = 'none';
    return 0;
  }
  else {
    e.style.display = 'block';
    return 1;
  }
}

function toggleBox(szDivId, elem, msg1, msg2)
{
  var res = -1;  if (document.getElementById) {
    res = flip(document.getElementById(szDivId));
  }
  else if (document.all) {
    // this is the way old msie versions work
    res = flip(document.all[szDivId]);
  }
  if(elem) {
    if(res == 0) elem.innerHTML = msg1; else elem.innerHTML = msg2;
  }

}

function toggleAllBoxes() {
  if (document.getElementsByTagName) {
    d = document.getElementsByTagName('div');
    for (i = 0; i < d.length; i++) {
      if (d[i].className == 'log') {
        flip(d[i]);
      }
    }
  }
}

// -->
</script>

</head>
<body>
<h2 align='center'>AccountAccessRegressionTest</h2><table border='1' align="center">
<tr>
<td>Tests passed/Failed/Skipped:</td><td>26/4/20</td>
</tr><tr>
<td>Started on:</td><td>Mon Feb 06 12:45:56 GMT 2017</td>
</tr>
<tr><td>Total time:</td><td>994 seconds (994970 ms)</td>
</tr><tr>
<td>Included groups:</td><td></td>
</tr><tr>
<td>Excluded groups:</td><td></td>
</tr>
</table><p/>
<small><i>(Hover the method name to see the test class name)</i></small><p/>
<table width='100%' border='1' class='invocation-failed'>
<tr><td colspan='4' align='center'><b>FAILED TESTS</b></td></tr>
<tr><td><b>Test method</b></td>
<td width="30%"><b>Exception</b></td>
<td width="10%"><b>Time (seconds)</b></td>
<td><b>Instance</b></td>
</tr>
<tr>
<td title='Reg_AccountAccess.PasswordResetFuncViaAccountPage.changePasswordPageValidation()'><b>changePasswordPageValidation</b><br>Test class: Reg_AccountAccess.PasswordResetFuncViaAccountPage</td>
<td><div><pre>org.openqa.selenium.TimeoutException: Timed out after 50 seconds waiting for visibility of [[FirefoxDriver: firefox on WINDOWS (dc6f3410-fc98-40c4-8c41-53839931d7e1)] -&gt; xpath: .//*[@id=&apos;acc-old-password-errors&apos;]//div[@class=&apos;account-error-pass-required md-input-message-animation ng-scope&apos;]/translate]
Build info: version: &apos;2.53.0&apos;, revision: &apos;35ae25b1534ae328c771e0856c93e187490ca824&apos;, time: &apos;2016-03-15 10:43:46&apos;
System info: host: &apos;creme130&apos;, ip: &apos;192.168.17.130&apos;, os.name: &apos;Windows 10&apos;, os.arch: &apos;amd64&apos;, os.version: &apos;10.0&apos;, java.version: &apos;1.8.0_111&apos;
Driver info: org.openqa.selenium.firefox.FirefoxDriver
Capabilities [{applicationCacheEnabled=true, rotatable=false, handlesAlerts=true, databaseEnabled=true, version=46.0.1, platform=WINDOWS, nativeEvents=false, acceptSslCerts=true, webStorageEnabled=true, locationContextEnabled=true, browserName=firefox, takesScreenshot=true, javascriptEnabled=true, cssSelectorsEnabled=true}]
Session ID: dc6f3410-fc98-40c4-8c41-53839931d7e1
	at org.openqa.selenium.support.ui.WebDriverWait.timeoutException(WebDriverWait.java:80)
	at org.openqa.selenium.support.ui.FluentWait.until(FluentWait.java:261)
	at Util.WaitTypes.waitForElementVisibilityByWebElement(WaitTypes.java:105)
	at Page.classes.AccountPage.verifyErrorMessageForNullCurrentPasswordTextBox(AccountPage.java:332)
	at Reg_AccountAccess.PasswordResetFuncViaAccountPage.changePasswordPageValidation(PasswordResetFuncViaAccountPage.java:142)
... Removed 24 stack frames</pre></div><a href='#' onClick='toggleBox("stack-trace1998137093", this, "Click to show all stack frames", "Click to hide stack frames")'>Click to show all stack frames</a>
<div class='stack-trace' id='stack-trace1998137093'><pre>org.openqa.selenium.TimeoutException: Timed out after 50 seconds waiting for visibility of [[FirefoxDriver: firefox on WINDOWS (dc6f3410-fc98-40c4-8c41-53839931d7e1)] -&gt; xpath: .//*[@id=&apos;acc-old-password-errors&apos;]//div[@class=&apos;account-error-pass-required md-input-message-animation ng-scope&apos;]/translate]
Build info: version: &apos;2.53.0&apos;, revision: &apos;35ae25b1534ae328c771e0856c93e187490ca824&apos;, time: &apos;2016-03-15 10:43:46&apos;
System info: host: &apos;creme130&apos;, ip: &apos;192.168.17.130&apos;, os.name: &apos;Windows 10&apos;, os.arch: &apos;amd64&apos;, os.version: &apos;10.0&apos;, java.version: &apos;1.8.0_111&apos;
Driver info: org.openqa.selenium.firefox.FirefoxDriver
Capabilities [{applicationCacheEnabled=true, rotatable=false, handlesAlerts=true, databaseEnabled=true, version=46.0.1, platform=WINDOWS, nativeEvents=false, acceptSslCerts=true, webStorageEnabled=true, locationContextEnabled=true, browserName=firefox, takesScreenshot=true, javascriptEnabled=true, cssSelectorsEnabled=true}]
Session ID: dc6f3410-fc98-40c4-8c41-53839931d7e1
	at org.openqa.selenium.support.ui.WebDriverWait.timeoutException(WebDriverWait.java:80)
	at org.openqa.selenium.support.ui.FluentWait.until(FluentWait.java:261)
	at Util.WaitTypes.waitForElementVisibilityByWebElement(WaitTypes.java:105)
	at Page.classes.AccountPage.verifyErrorMessageForNullCurrentPasswordTextBox(AccountPage.java:332)
	at Reg_AccountAccess.PasswordResetFuncViaAccountPage.changePasswordPageValidation(PasswordResetFuncViaAccountPage.java:142)
	at sun.reflect.NativeMethodAccessorImpl.invoke0(Native Method)
	at sun.reflect.NativeMethodAccessorImpl.invoke(Unknown Source)
	at sun.reflect.DelegatingMethodAccessorImpl.invoke(Unknown Source)
	at java.lang.reflect.Method.invoke(Unknown Source)
	at org.testng.internal.MethodInvocationHelper.invokeMethod(MethodInvocationHelper.java:86)
	at org.testng.internal.Invoker.invokeMethod(Invoker.java:643)
	at org.testng.internal.Invoker.invokeTestMethod(Invoker.java:820)
	at org.testng.internal.Invoker.invokeTestMethods(Invoker.java:1128)
	at org.testng.internal.TestMethodWorker.invokeTestMethods(TestMethodWorker.java:129)
	at org.testng.internal.TestMethodWorker.run(TestMethodWorker.java:112)
	at org.testng.TestRunner.privateRun(TestRunner.java:782)
	at org.testng.TestRunner.run(TestRunner.java:632)
	at org.testng.SuiteRunner.runTest(SuiteRunner.java:366)
	at org.testng.SuiteRunner.runSequentially(SuiteRunner.java:361)
	at org.testng.SuiteRunner.privateRun(SuiteRunner.java:319)
	at org.testng.SuiteRunner.run(SuiteRunner.java:268)
	at org.testng.SuiteRunnerWorker.runSuite(SuiteRunnerWorker.java:52)
	at org.testng.SuiteRunnerWorker.run(SuiteRunnerWorker.java:86)
	at org.testng.TestNG.runSuitesSequentially(TestNG.java:1244)
	at org.testng.TestNG.runSuitesLocally(TestNG.java:1169)
	at org.testng.TestNG.run(TestNG.java:1064)
	at org.testng.remote.AbstractRemoteTestNG.run(AbstractRemoteTestNG.java:126)
	at org.testng.remote.RemoteTestNG.initAndRun(RemoteTestNG.java:137)
	at org.testng.remote.RemoteTestNG.main(RemoteTestNG.java:58)
</pre></div></td>
<td>81</td>
<td>Reg_AccountAccess.PasswordResetFuncViaAccountPage@69997e9d</td></tr>
<tr>
<td title='Reg_AccountAccess.LogInPageValidation.pageValidationAndErrorVerification()'><b>pageValidationAndErrorVerification</b><br>Test class: Reg_AccountAccess.LogInPageValidation</td>
<td><div><pre>org.openqa.selenium.TimeoutException: Timed out after 50 seconds waiting for visibility of [[FirefoxDriver: firefox on WINDOWS (dc6f3410-fc98-40c4-8c41-53839931d7e1)] -&gt; xpath: //div[@class=&apos;md-input-message-animation ng-scope&apos;]//translate[text()=&apos;Email is required.&apos;]]
Build info: version: &apos;2.53.0&apos;, revision: &apos;35ae25b1534ae328c771e0856c93e187490ca824&apos;, time: &apos;2016-03-15 10:43:46&apos;
System info: host: &apos;creme130&apos;, ip: &apos;192.168.17.130&apos;, os.name: &apos;Windows 10&apos;, os.arch: &apos;amd64&apos;, os.version: &apos;10.0&apos;, java.version: &apos;1.8.0_111&apos;
Driver info: org.openqa.selenium.firefox.FirefoxDriver
Capabilities [{applicationCacheEnabled=true, rotatable=false, handlesAlerts=true, databaseEnabled=true, version=46.0.1, platform=WINDOWS, nativeEvents=false, acceptSslCerts=true, webStorageEnabled=true, locationContextEnabled=true, browserName=firefox, takesScreenshot=true, javascriptEnabled=true, cssSelectorsEnabled=true}]
Session ID: dc6f3410-fc98-40c4-8c41-53839931d7e1
	at org.openqa.selenium.support.ui.WebDriverWait.timeoutException(WebDriverWait.java:80)
	at org.openqa.selenium.support.ui.FluentWait.until(FluentWait.java:261)
	at Util.WaitTypes.waitForElementVisibilityByWebElement(WaitTypes.java:105)
	at Page.classes.LogInPage.nullEmailErrorMessageIsDisplayed(LogInPage.java:437)
	at Reg_AccountAccess.LogInPageValidation.pageValidationAndErrorVerification(LogInPageValidation.java:123)
... Removed 24 stack frames</pre></div><a href='#' onClick='toggleBox("stack-trace1368173251", this, "Click to show all stack frames", "Click to hide stack frames")'>Click to show all stack frames</a>
<div class='stack-trace' id='stack-trace1368173251'><pre>org.openqa.selenium.TimeoutException: Timed out after 50 seconds waiting for visibility of [[FirefoxDriver: firefox on WINDOWS (dc6f3410-fc98-40c4-8c41-53839931d7e1)] -&gt; xpath: //div[@class=&apos;md-input-message-animation ng-scope&apos;]//translate[text()=&apos;Email is required.&apos;]]
Build info: version: &apos;2.53.0&apos;, revision: &apos;35ae25b1534ae328c771e0856c93e187490ca824&apos;, time: &apos;2016-03-15 10:43:46&apos;
System info: host: &apos;creme130&apos;, ip: &apos;192.168.17.130&apos;, os.name: &apos;Windows 10&apos;, os.arch: &apos;amd64&apos;, os.version: &apos;10.0&apos;, java.version: &apos;1.8.0_111&apos;
Driver info: org.openqa.selenium.firefox.FirefoxDriver
Capabilities [{applicationCacheEnabled=true, rotatable=false, handlesAlerts=true, databaseEnabled=true, version=46.0.1, platform=WINDOWS, nativeEvents=false, acceptSslCerts=true, webStorageEnabled=true, locationContextEnabled=true, browserName=firefox, takesScreenshot=true, javascriptEnabled=true, cssSelectorsEnabled=true}]
Session ID: dc6f3410-fc98-40c4-8c41-53839931d7e1
	at org.openqa.selenium.support.ui.WebDriverWait.timeoutException(WebDriverWait.java:80)
	at org.openqa.selenium.support.ui.FluentWait.until(FluentWait.java:261)
	at Util.WaitTypes.waitForElementVisibilityByWebElement(WaitTypes.java:105)
	at Page.classes.LogInPage.nullEmailErrorMessageIsDisplayed(LogInPage.java:437)
	at Reg_AccountAccess.LogInPageValidation.pageValidationAndErrorVerification(LogInPageValidation.java:123)
	at sun.reflect.NativeMethodAccessorImpl.invoke0(Native Method)
	at sun.reflect.NativeMethodAccessorImpl.invoke(Unknown Source)
	at sun.reflect.DelegatingMethodAccessorImpl.invoke(Unknown Source)
	at java.lang.reflect.Method.invoke(Unknown Source)
	at org.testng.internal.MethodInvocationHelper.invokeMethod(MethodInvocationHelper.java:86)
	at org.testng.internal.Invoker.invokeMethod(Invoker.java:643)
	at org.testng.internal.Invoker.invokeTestMethod(Invoker.java:820)
	at org.testng.internal.Invoker.invokeTestMethods(Invoker.java:1128)
	at org.testng.internal.TestMethodWorker.invokeTestMethods(TestMethodWorker.java:129)
	at org.testng.internal.TestMethodWorker.run(TestMethodWorker.java:112)
	at org.testng.TestRunner.privateRun(TestRunner.java:782)
	at org.testng.TestRunner.run(TestRunner.java:632)
	at org.testng.SuiteRunner.runTest(SuiteRunner.java:366)
	at org.testng.SuiteRunner.runSequentially(SuiteRunner.java:361)
	at org.testng.SuiteRunner.privateRun(SuiteRunner.java:319)
	at org.testng.SuiteRunner.run(SuiteRunner.java:268)
	at org.testng.SuiteRunnerWorker.runSuite(SuiteRunnerWorker.java:52)
	at org.testng.SuiteRunnerWorker.run(SuiteRunnerWorker.java:86)
	at org.testng.TestNG.runSuitesSequentially(TestNG.java:1244)
	at org.testng.TestNG.runSuitesLocally(TestNG.java:1169)
	at org.testng.TestNG.run(TestNG.java:1064)
	at org.testng.remote.AbstractRemoteTestNG.run(AbstractRemoteTestNG.java:126)
	at org.testng.remote.RemoteTestNG.initAndRun(RemoteTestNG.java:137)
	at org.testng.remote.RemoteTestNG.main(RemoteTestNG.java:58)
</pre></div></td>
<td>64</td>
<td>Reg_AccountAccess.LogInPageValidation@932bc4a</td></tr>
<tr>
<td title='Reg_AccountAccess.PasswordResetFuncViaForgotPasswordEmail.resetPasswordFieldBlank()'><b>resetPasswordFieldBlank</b><br>Test class: Reg_AccountAccess.PasswordResetFuncViaForgotPasswordEmail</td>
<td><div><pre>org.openqa.selenium.TimeoutException: Timed out after 50 seconds waiting for visibility of [[FirefoxDriver: firefox on WINDOWS (dc6f3410-fc98-40c4-8c41-53839931d7e1)] -&gt; xpath: //div[@class=&apos;md-input-message-animation ng-scope&apos;]//translate[text()=&apos;Password is required.&apos;]]
Build info: version: &apos;2.53.0&apos;, revision: &apos;35ae25b1534ae328c771e0856c93e187490ca824&apos;, time: &apos;2016-03-15 10:43:46&apos;
System info: host: &apos;creme130&apos;, ip: &apos;192.168.17.130&apos;, os.name: &apos;Windows 10&apos;, os.arch: &apos;amd64&apos;, os.version: &apos;10.0&apos;, java.version: &apos;1.8.0_111&apos;
Driver info: org.openqa.selenium.firefox.FirefoxDriver
Capabilities [{applicationCacheEnabled=true, rotatable=false, handlesAlerts=true, databaseEnabled=true, version=46.0.1, platform=WINDOWS, nativeEvents=false, acceptSslCerts=true, webStorageEnabled=true, locationContextEnabled=true, browserName=firefox, takesScreenshot=true, javascriptEnabled=true, cssSelectorsEnabled=true}]
Session ID: dc6f3410-fc98-40c4-8c41-53839931d7e1
	at org.openqa.selenium.support.ui.WebDriverWait.timeoutException(WebDriverWait.java:80)
	at org.openqa.selenium.support.ui.FluentWait.until(FluentWait.java:261)
	at Util.WaitTypes.waitForElementVisibilityByWebElement(WaitTypes.java:105)
	at Page.classes.LogInPage.nullPasswordError(LogInPage.java:333)
	at Reg_AccountAccess.PasswordResetFuncViaForgotPasswordEmail.resetPasswordFieldBlank(PasswordResetFuncViaForgotPasswordEmail.java:188)
... Removed 24 stack frames</pre></div><a href='#' onClick='toggleBox("stack-trace504478805", this, "Click to show all stack frames", "Click to hide stack frames")'>Click to show all stack frames</a>
<div class='stack-trace' id='stack-trace504478805'><pre>org.openqa.selenium.TimeoutException: Timed out after 50 seconds waiting for visibility of [[FirefoxDriver: firefox on WINDOWS (dc6f3410-fc98-40c4-8c41-53839931d7e1)] -&gt; xpath: //div[@class=&apos;md-input-message-animation ng-scope&apos;]//translate[text()=&apos;Password is required.&apos;]]
Build info: version: &apos;2.53.0&apos;, revision: &apos;35ae25b1534ae328c771e0856c93e187490ca824&apos;, time: &apos;2016-03-15 10:43:46&apos;
System info: host: &apos;creme130&apos;, ip: &apos;192.168.17.130&apos;, os.name: &apos;Windows 10&apos;, os.arch: &apos;amd64&apos;, os.version: &apos;10.0&apos;, java.version: &apos;1.8.0_111&apos;
Driver info: org.openqa.selenium.firefox.FirefoxDriver
Capabilities [{applicationCacheEnabled=true, rotatable=false, handlesAlerts=true, databaseEnabled=true, version=46.0.1, platform=WINDOWS, nativeEvents=false, acceptSslCerts=true, webStorageEnabled=true, locationContextEnabled=true, browserName=firefox, takesScreenshot=true, javascriptEnabled=true, cssSelectorsEnabled=true}]
Session ID: dc6f3410-fc98-40c4-8c41-53839931d7e1
	at org.openqa.selenium.support.ui.WebDriverWait.timeoutException(WebDriverWait.java:80)
	at org.openqa.selenium.support.ui.FluentWait.until(FluentWait.java:261)
	at Util.WaitTypes.waitForElementVisibilityByWebElement(WaitTypes.java:105)
	at Page.classes.LogInPage.nullPasswordError(LogInPage.java:333)
	at Reg_AccountAccess.PasswordResetFuncViaForgotPasswordEmail.resetPasswordFieldBlank(PasswordResetFuncViaForgotPasswordEmail.java:188)
	at sun.reflect.NativeMethodAccessorImpl.invoke0(Native Method)
	at sun.reflect.NativeMethodAccessorImpl.invoke(Unknown Source)
	at sun.reflect.DelegatingMethodAccessorImpl.invoke(Unknown Source)
	at java.lang.reflect.Method.invoke(Unknown Source)
	at org.testng.internal.MethodInvocationHelper.invokeMethod(MethodInvocationHelper.java:86)
	at org.testng.internal.Invoker.invokeMethod(Invoker.java:643)
	at org.testng.internal.Invoker.invokeTestMethod(Invoker.java:820)
	at org.testng.internal.Invoker.invokeTestMethods(Invoker.java:1128)
	at org.testng.internal.TestMethodWorker.invokeTestMethods(TestMethodWorker.java:129)
	at org.testng.internal.TestMethodWorker.run(TestMethodWorker.java:112)
	at org.testng.TestRunner.privateRun(TestRunner.java:782)
	at org.testng.TestRunner.run(TestRunner.java:632)
	at org.testng.SuiteRunner.runTest(SuiteRunner.java:366)
	at org.testng.SuiteRunner.runSequentially(SuiteRunner.java:361)
	at org.testng.SuiteRunner.privateRun(SuiteRunner.java:319)
	at org.testng.SuiteRunner.run(SuiteRunner.java:268)
	at org.testng.SuiteRunnerWorker.runSuite(SuiteRunnerWorker.java:52)
	at org.testng.SuiteRunnerWorker.run(SuiteRunnerWorker.java:86)
	at org.testng.TestNG.runSuitesSequentially(TestNG.java:1244)
	at org.testng.TestNG.runSuitesLocally(TestNG.java:1169)
	at org.testng.TestNG.run(TestNG.java:1064)
	at org.testng.remote.AbstractRemoteTestNG.run(AbstractRemoteTestNG.java:126)
	at org.testng.remote.RemoteTestNG.initAndRun(RemoteTestNG.java:137)
	at org.testng.remote.RemoteTestNG.main(RemoteTestNG.java:58)
</pre></div></td>
<td>50</td>
<td>Reg_AccountAccess.PasswordResetFuncViaForgotPasswordEmail@37654521</td></tr>
<tr>
<td title='Reg_AccountAccess.ForgotPasswordFunctionality.verifyForgotPasswordErrorMessages()'><b>verifyForgotPasswordErrorMessages</b><br>Test class: Reg_AccountAccess.ForgotPasswordFunctionality</td>
<td><div><pre>org.openqa.selenium.TimeoutException: Timed out after 50 seconds waiting for visibility of [[FirefoxDriver: firefox on WINDOWS (dc6f3410-fc98-40c4-8c41-53839931d7e1)] -&gt; xpath: //md-content[@id=&apos;forgot-pwd-wrapper&apos;]//*[@ng-repeat=&apos;error in fieldErrors&apos;]]
Build info: version: &apos;2.53.0&apos;, revision: &apos;35ae25b1534ae328c771e0856c93e187490ca824&apos;, time: &apos;2016-03-15 10:43:46&apos;
System info: host: &apos;creme130&apos;, ip: &apos;192.168.17.130&apos;, os.name: &apos;Windows 10&apos;, os.arch: &apos;amd64&apos;, os.version: &apos;10.0&apos;, java.version: &apos;1.8.0_111&apos;
Driver info: org.openqa.selenium.firefox.FirefoxDriver
Capabilities [{applicationCacheEnabled=true, rotatable=false, handlesAlerts=true, databaseEnabled=true, version=46.0.1, platform=WINDOWS, nativeEvents=false, acceptSslCerts=true, webStorageEnabled=true, locationContextEnabled=true, browserName=firefox, takesScreenshot=true, javascriptEnabled=true, cssSelectorsEnabled=true}]
Session ID: dc6f3410-fc98-40c4-8c41-53839931d7e1
	at org.openqa.selenium.support.ui.WebDriverWait.timeoutException(WebDriverWait.java:80)
	at org.openqa.selenium.support.ui.FluentWait.until(FluentWait.java:261)
	at Util.WaitTypes.waitForElementVisibilityByWebElement(WaitTypes.java:105)
	at Page.classes.LogInPage.emailNotRecognizedErrorMessageIsDisplayed(LogInPage.java:263)
	at Reg_AccountAccess.ForgotPasswordFunctionality.verifyForgotPasswordErrorMessages(ForgotPasswordFunctionality.java:125)
... Removed 24 stack frames</pre></div><a href='#' onClick='toggleBox("stack-trace2126664214", this, "Click to show all stack frames", "Click to hide stack frames")'>Click to show all stack frames</a>
<div class='stack-trace' id='stack-trace2126664214'><pre>org.openqa.selenium.TimeoutException: Timed out after 50 seconds waiting for visibility of [[FirefoxDriver: firefox on WINDOWS (dc6f3410-fc98-40c4-8c41-53839931d7e1)] -&gt; xpath: //md-content[@id=&apos;forgot-pwd-wrapper&apos;]//*[@ng-repeat=&apos;error in fieldErrors&apos;]]
Build info: version: &apos;2.53.0&apos;, revision: &apos;35ae25b1534ae328c771e0856c93e187490ca824&apos;, time: &apos;2016-03-15 10:43:46&apos;
System info: host: &apos;creme130&apos;, ip: &apos;192.168.17.130&apos;, os.name: &apos;Windows 10&apos;, os.arch: &apos;amd64&apos;, os.version: &apos;10.0&apos;, java.version: &apos;1.8.0_111&apos;
Driver info: org.openqa.selenium.firefox.FirefoxDriver
Capabilities [{applicationCacheEnabled=true, rotatable=false, handlesAlerts=true, databaseEnabled=true, version=46.0.1, platform=WINDOWS, nativeEvents=false, acceptSslCerts=true, webStorageEnabled=true, locationContextEnabled=true, browserName=firefox, takesScreenshot=true, javascriptEnabled=true, cssSelectorsEnabled=true}]
Session ID: dc6f3410-fc98-40c4-8c41-53839931d7e1
	at org.openqa.selenium.support.ui.WebDriverWait.timeoutException(WebDriverWait.java:80)
	at org.openqa.selenium.support.ui.FluentWait.until(FluentWait.java:261)
	at Util.WaitTypes.waitForElementVisibilityByWebElement(WaitTypes.java:105)
	at Page.classes.LogInPage.emailNotRecognizedErrorMessageIsDisplayed(LogInPage.java:263)
	at Reg_AccountAccess.ForgotPasswordFunctionality.verifyForgotPasswordErrorMessages(ForgotPasswordFunctionality.java:125)
	at sun.reflect.NativeMethodAccessorImpl.invoke0(Native Method)
	at sun.reflect.NativeMethodAccessorImpl.invoke(Unknown Source)
	at sun.reflect.DelegatingMethodAccessorImpl.invoke(Unknown Source)
	at java.lang.reflect.Method.invoke(Unknown Source)
	at org.testng.internal.MethodInvocationHelper.invokeMethod(MethodInvocationHelper.java:86)
	at org.testng.internal.Invoker.invokeMethod(Invoker.java:643)
	at org.testng.internal.Invoker.invokeTestMethod(Invoker.java:820)
	at org.testng.internal.Invoker.invokeTestMethods(Invoker.java:1128)
	at org.testng.internal.TestMethodWorker.invokeTestMethods(TestMethodWorker.java:129)
	at org.testng.internal.TestMethodWorker.run(TestMethodWorker.java:112)
	at org.testng.TestRunner.privateRun(TestRunner.java:782)
	at org.testng.TestRunner.run(TestRunner.java:632)
	at org.testng.SuiteRunner.runTest(SuiteRunner.java:366)
	at org.testng.SuiteRunner.runSequentially(SuiteRunner.java:361)
	at org.testng.SuiteRunner.privateRun(SuiteRunner.java:319)
	at org.testng.SuiteRunner.run(SuiteRunner.java:268)
	at org.testng.SuiteRunnerWorker.runSuite(SuiteRunnerWorker.java:52)
	at org.testng.SuiteRunnerWorker.run(SuiteRunnerWorker.java:86)
	at org.testng.TestNG.runSuitesSequentially(TestNG.java:1244)
	at org.testng.TestNG.runSuitesLocally(TestNG.java:1169)
	at org.testng.TestNG.run(TestNG.java:1064)
	at org.testng.remote.AbstractRemoteTestNG.run(AbstractRemoteTestNG.java:126)
	at org.testng.remote.RemoteTestNG.initAndRun(RemoteTestNG.java:137)
	at org.testng.remote.RemoteTestNG.main(RemoteTestNG.java:58)
</pre></div></td>
<td>55</td>
<td>Reg_AccountAccess.ForgotPasswordFunctionality@4bb33f74</td></tr>
</table><p>
<table width='100%' border='1' class='invocation-passed'>
<tr><td colspan='4' align='center'><b>PASSED TESTS</b></td></tr>
<tr><td><b>Test method</b></td>
<td width="30%"><b>Exception</b></td>
<td width="10%"><b>Time (seconds)</b></td>
<td><b>Instance</b></td>
</tr>
<tr>
<td title='Reg_AccountAccess.PasswordResetFuncViaForgotPasswordEmail.backToInbox()'><b>backToInbox</b><br>Test class: Reg_AccountAccess.PasswordResetFuncViaForgotPasswordEmail</td>
<td></td>
<td>16</td>
<td>Reg_AccountAccess.PasswordResetFuncViaForgotPasswordEmail@37654521</td></tr>
<tr>
<td title='Reg_AccountAccess.PasswordResetFuncViaForgotPasswordEmail.clickOnLostPasswordlink()'><b>clickOnLostPasswordlink</b><br>Test class: Reg_AccountAccess.PasswordResetFuncViaForgotPasswordEmail</td>
<td></td>
<td>2</td>
<td>Reg_AccountAccess.PasswordResetFuncViaForgotPasswordEmail@37654521</td></tr>
<tr>
<td title='Reg_AccountAccess.LogInPageValidation.createActiveUserProfile()'><b>createActiveUserProfile</b><br>Test class: Reg_AccountAccess.LogInPageValidation</td>
<td></td>
<td>12</td>
<td>Reg_AccountAccess.LogInPageValidation@932bc4a</td></tr>
<tr>
<td title='Reg_AccountAccess.UserProfileAccountPage.createActiveUserProfile()'><b>createActiveUserProfile</b><br>Test class: Reg_AccountAccess.UserProfileAccountPage</td>
<td></td>
<td>11</td>
<td>Reg_AccountAccess.UserProfileAccountPage@3514a4c0</td></tr>
<tr>
<td title='Reg_AccountAccess.PasswordResetFuncViaAccountPage.createActiveUserProfile()'><b>createActiveUserProfile</b><br>Test class: Reg_AccountAccess.PasswordResetFuncViaAccountPage</td>
<td></td>
<td>12</td>
<td>Reg_AccountAccess.PasswordResetFuncViaAccountPage@69997e9d</td></tr>
<tr>
<td title='Reg_AccountAccess.PasswordResetFuncViaForgotPasswordEmail.createActiveUserProfile()'><b>createActiveUserProfile</b><br>Test class: Reg_AccountAccess.PasswordResetFuncViaForgotPasswordEmail</td>
<td></td>
<td>11</td>
<td>Reg_AccountAccess.PasswordResetFuncViaForgotPasswordEmail@37654521</td></tr>
<tr>
<td title='Reg_AccountAccess.TeamPage.createActiveUserProfile()'><b>createActiveUserProfile</b><br>Test class: Reg_AccountAccess.TeamPage</td>
<td></td>
<td>11</td>
<td>Reg_AccountAccess.TeamPage@ea6147e</td></tr>
<tr>
<td title='Reg_AccountAccess.MyProfilePageFunctionality.createActiveUserProfile()'><b>createActiveUserProfile</b><br>Test class: Reg_AccountAccess.MyProfilePageFunctionality</td>
<td></td>
<td>11</td>
<td>Reg_AccountAccess.MyProfilePageFunctionality@1e683a3e</td></tr>
<tr>
<td title='Reg_AccountAccess.ForgotPasswordFunctionality.createInactiveUserProfile()'><b>createInactiveUserProfile</b><br>Test class: Reg_AccountAccess.ForgotPasswordFunctionality</td>
<td></td>
<td>9</td>
<td>Reg_AccountAccess.ForgotPasswordFunctionality@4bb33f74</td></tr>
<tr>
<td title='Reg_AccountAccess.TeamPage.deletePreviouslyEnteredData()'><b>deletePreviouslyEnteredData</b><br>Test class: Reg_AccountAccess.TeamPage</td>
<td></td>
<td>31</td>
<td>Reg_AccountAccess.TeamPage@ea6147e</td></tr>
<tr>
<td title='Reg_AccountAccess.PasswordResetFuncViaForgotPasswordEmail.forgotPasswordEmail()'><b>forgotPasswordEmail</b><br>Test class: Reg_AccountAccess.PasswordResetFuncViaForgotPasswordEmail</td>
<td></td>
<td>29</td>
<td>Reg_AccountAccess.PasswordResetFuncViaForgotPasswordEmail@37654521</td></tr>
<tr>
<td title='Reg_AccountAccess.PasswordResetFuncViaForgotPasswordEmail.redirectToChangePasswordPage()'><b>redirectToChangePasswordPage</b><br>Test class: Reg_AccountAccess.PasswordResetFuncViaForgotPasswordEmail</td>
<td></td>
<td>3</td>
<td>Reg_AccountAccess.PasswordResetFuncViaForgotPasswordEmail@37654521</td></tr>
<tr>
<td title='Reg_AccountAccess.PasswordResetFuncViaForgotPasswordEmail.resetPassword()'><b>resetPassword</b><br>Test class: Reg_AccountAccess.PasswordResetFuncViaForgotPasswordEmail</td>
<td></td>
<td>3</td>
<td>Reg_AccountAccess.PasswordResetFuncViaForgotPasswordEmail@37654521</td></tr>
<tr>
<td title='Reg_AccountAccess.UserProfileAccountPage.shouldLogOut()'><b>shouldLogOut</b><br>Test class: Reg_AccountAccess.UserProfileAccountPage</td>
<td></td>
<td>13</td>
<td>Reg_AccountAccess.UserProfileAccountPage@3514a4c0</td></tr>
<tr>
<td title='Reg_AccountAccess.UserProfileAccountPage.verifyAccountDetailsPageContents()'><b>verifyAccountDetailsPageContents</b><br>Test class: Reg_AccountAccess.UserProfileAccountPage</td>
<td></td>
<td>24</td>
<td>Reg_AccountAccess.UserProfileAccountPage@3514a4c0</td></tr>
<tr>
<td title='Reg_AccountAccess.PasswordResetFuncViaForgotPasswordEmail.verifyChangePasswordPage()'><b>verifyChangePasswordPage</b><br>Test class: Reg_AccountAccess.PasswordResetFuncViaForgotPasswordEmail</td>
<td></td>
<td>3</td>
<td>Reg_AccountAccess.PasswordResetFuncViaForgotPasswordEmail@37654521</td></tr>
<tr>
<td title='Reg_AccountAccess.MyProfilePageFunctionality.verifyEditModeDetailsSection()'><b>verifyEditModeDetailsSection</b><br>Test class: Reg_AccountAccess.MyProfilePageFunctionality</td>
<td></td>
<td>10</td>
<td>Reg_AccountAccess.MyProfilePageFunctionality@1e683a3e</td></tr>
<tr>
<td title='Reg_AccountAccess.MyProfilePageFunctionality.verifyEditModeMyProfileHeader()'><b>verifyEditModeMyProfileHeader</b><br>Test class: Reg_AccountAccess.MyProfilePageFunctionality</td>
<td></td>
<td>55</td>
<td>Reg_AccountAccess.MyProfilePageFunctionality@1e683a3e</td></tr>
<tr>
<td title='Reg_AccountAccess.PasswordResetFuncViaForgotPasswordEmail.verifyGoBackToLoginLinkFunctionality()'><b>verifyGoBackToLoginLinkFunctionality</b><br>Test class: Reg_AccountAccess.PasswordResetFuncViaForgotPasswordEmail</td>
<td></td>
<td>2</td>
<td>Reg_AccountAccess.PasswordResetFuncViaForgotPasswordEmail@37654521</td></tr>
<tr>
<td title='Reg_AccountAccess.MyProfilePageFunctionality.verifyGravitarSource()'><b>verifyGravitarSource</b><br>Test class: Reg_AccountAccess.MyProfilePageFunctionality</td>
<td></td>
<td>40</td>
<td>Reg_AccountAccess.MyProfilePageFunctionality@1e683a3e</td></tr>
<tr>
<td title='Reg_AccountAccess.MyProfilePageFunctionality.verifyMyProfilePageContents()'><b>verifyMyProfilePageContents</b><br>Test class: Reg_AccountAccess.MyProfilePageFunctionality</td>
<td></td>
<td>15</td>
<td>Reg_AccountAccess.MyProfilePageFunctionality@1e683a3e</td></tr>
<tr>
<td title='Reg_AccountAccess.ForgotPasswordFunctionality.verifyPageContentsAndStatus()'><b>verifyPageContentsAndStatus</b><br>Test class: Reg_AccountAccess.ForgotPasswordFunctionality</td>
<td></td>
<td>8</td>
<td>Reg_AccountAccess.ForgotPasswordFunctionality@4bb33f74</td></tr>
<tr>
<td title='Reg_AccountAccess.UserProfileAccountPage.verifyPageValidationErrorsAndSaveChangesAction()'><b>verifyPageValidationErrorsAndSaveChangesAction</b><br>Test class: Reg_AccountAccess.UserProfileAccountPage</td>
<td></td>
<td>47</td>
<td>Reg_AccountAccess.UserProfileAccountPage@3514a4c0</td></tr>
<tr>
<td title='Reg_AccountAccess.TeamPage.verifyReadOnlyModeForOtherMembersDetails()'><b>verifyReadOnlyModeForOtherMembersDetails</b><br>Test class: Reg_AccountAccess.TeamPage</td>
<td></td>
<td>23</td>
<td>Reg_AccountAccess.TeamPage@ea6147e</td></tr>
<tr>
<td title='Reg_AccountAccess.TeamPage.verifyTeamListIsCorrect()'><b>verifyTeamListIsCorrect</b><br>Test class: Reg_AccountAccess.TeamPage</td>
<td></td>
<td>50</td>
<td>Reg_AccountAccess.TeamPage@ea6147e</td></tr>
<tr>
<td title='Reg_AccountAccess.TeamPage.verifyUserEditModeForOwnDetails()'><b>verifyUserEditModeForOwnDetails</b><br>Test class: Reg_AccountAccess.TeamPage</td>
<td></td>
<td>62</td>
<td>Reg_AccountAccess.TeamPage@ea6147e</td></tr>
</table><p>
<table width='100%' border='1' class='invocation-skipped'>
<tr><td colspan='4' align='center'><b>SKIPPED TESTS</b></td></tr>
<tr><td><b>Test method</b></td>
<td width="30%"><b>Exception</b></td>
<td width="10%"><b>Time (seconds)</b></td>
<td><b>Instance</b></td>
</tr>
<tr>
<td title='Reg_AccountAccess.PasswordResetFuncViaAccountPage.VerifyChangePasswordFunctionality()'><b>VerifyChangePasswordFunctionality</b><br>Test class: Reg_AccountAccess.PasswordResetFuncViaAccountPage</td>
<td><div><pre>java.lang.Throwable: Method PasswordResetFuncViaAccountPage.VerifyChangePasswordFunctionality()[pri:0, instance:Reg_AccountAccess.PasswordResetFuncViaAccountPage@69997e9d] depends on not successfully finished methods
... Removed 17 stack frames</pre></div><a href='#' onClick='toggleBox("stack-trace1924990666", this, "Click to show all stack frames", "Click to hide stack frames")'>Click to show all stack frames</a>
<div class='stack-trace' id='stack-trace1924990666'><pre>java.lang.Throwable: Method PasswordResetFuncViaAccountPage.VerifyChangePasswordFunctionality()[pri:0, instance:Reg_AccountAccess.PasswordResetFuncViaAccountPage@69997e9d] depends on not successfully finished methods
	at org.testng.internal.Invoker.invokeTestMethods(Invoker.java:1037)
	at org.testng.internal.TestMethodWorker.invokeTestMethods(TestMethodWorker.java:129)
	at org.testng.internal.TestMethodWorker.run(TestMethodWorker.java:112)
	at org.testng.TestRunner.privateRun(TestRunner.java:782)
	at org.testng.TestRunner.run(TestRunner.java:632)
	at org.testng.SuiteRunner.runTest(SuiteRunner.java:366)
	at org.testng.SuiteRunner.runSequentially(SuiteRunner.java:361)
	at org.testng.SuiteRunner.privateRun(SuiteRunner.java:319)
	at org.testng.SuiteRunner.run(SuiteRunner.java:268)
	at org.testng.SuiteRunnerWorker.runSuite(SuiteRunnerWorker.java:52)
	at org.testng.SuiteRunnerWorker.run(SuiteRunnerWorker.java:86)
	at org.testng.TestNG.runSuitesSequentially(TestNG.java:1244)
	at org.testng.TestNG.runSuitesLocally(TestNG.java:1169)
	at org.testng.TestNG.run(TestNG.java:1064)
	at org.testng.remote.AbstractRemoteTestNG.run(AbstractRemoteTestNG.java:126)
	at org.testng.remote.RemoteTestNG.initAndRun(RemoteTestNG.java:137)
	at org.testng.remote.RemoteTestNG.main(RemoteTestNG.java:58)
</pre></div></td>
<td>0</td>
<td>null</td></tr>
<tr>
<td title='Reg_AccountAccess.ForgotPasswordFunctionality.activateUserProfileAndVerifyForgotPasswordAccepted()'><b>activateUserProfileAndVerifyForgotPasswordAccepted</b><br>Test class: Reg_AccountAccess.ForgotPasswordFunctionality</td>
<td><div><pre>java.lang.Throwable: Method ForgotPasswordFunctionality.activateUserProfileAndVerifyForgotPasswordAccepted()[pri:0, instance:Reg_AccountAccess.ForgotPasswordFunctionality@4bb33f74] depends on not successfully finished methods
... Removed 17 stack frames</pre></div><a href='#' onClick='toggleBox("stack-trace1885307815", this, "Click to show all stack frames", "Click to hide stack frames")'>Click to show all stack frames</a>
<div class='stack-trace' id='stack-trace1885307815'><pre>java.lang.Throwable: Method ForgotPasswordFunctionality.activateUserProfileAndVerifyForgotPasswordAccepted()[pri:0, instance:Reg_AccountAccess.ForgotPasswordFunctionality@4bb33f74] depends on not successfully finished methods
	at org.testng.internal.Invoker.invokeTestMethods(Invoker.java:1037)
	at org.testng.internal.TestMethodWorker.invokeTestMethods(TestMethodWorker.java:129)
	at org.testng.internal.TestMethodWorker.run(TestMethodWorker.java:112)
	at org.testng.TestRunner.privateRun(TestRunner.java:782)
	at org.testng.TestRunner.run(TestRunner.java:632)
	at org.testng.SuiteRunner.runTest(SuiteRunner.java:366)
	at org.testng.SuiteRunner.runSequentially(SuiteRunner.java:361)
	at org.testng.SuiteRunner.privateRun(SuiteRunner.java:319)
	at org.testng.SuiteRunner.run(SuiteRunner.java:268)
	at org.testng.SuiteRunnerWorker.runSuite(SuiteRunnerWorker.java:52)
	at org.testng.SuiteRunnerWorker.run(SuiteRunnerWorker.java:86)
	at org.testng.TestNG.runSuitesSequentially(TestNG.java:1244)
	at org.testng.TestNG.runSuitesLocally(TestNG.java:1169)
	at org.testng.TestNG.run(TestNG.java:1064)
	at org.testng.remote.AbstractRemoteTestNG.run(AbstractRemoteTestNG.java:126)
	at org.testng.remote.RemoteTestNG.initAndRun(RemoteTestNG.java:137)
	at org.testng.remote.RemoteTestNG.main(RemoteTestNG.java:58)
</pre></div></td>
<td>0</td>
<td>null</td></tr>
<tr>
<td title='Reg_AccountAccess.PasswordResetFuncViaForgotPasswordEmail.deleteEmailFromZohoAccount()'><b>deleteEmailFromZohoAccount</b><br>Test class: Reg_AccountAccess.PasswordResetFuncViaForgotPasswordEmail</td>
<td><div><pre>java.lang.Throwable: Method PasswordResetFuncViaForgotPasswordEmail.deleteEmailFromZohoAccount()[pri:0, instance:Reg_AccountAccess.PasswordResetFuncViaForgotPasswordEmail@37654521] depends on not successfully finished methods
... Removed 17 stack frames</pre></div><a href='#' onClick='toggleBox("stack-trace553821397", this, "Click to show all stack frames", "Click to hide stack frames")'>Click to show all stack frames</a>
<div class='stack-trace' id='stack-trace553821397'><pre>java.lang.Throwable: Method PasswordResetFuncViaForgotPasswordEmail.deleteEmailFromZohoAccount()[pri:0, instance:Reg_AccountAccess.PasswordResetFuncViaForgotPasswordEmail@37654521] depends on not successfully finished methods
	at org.testng.internal.Invoker.invokeTestMethods(Invoker.java:1037)
	at org.testng.internal.TestMethodWorker.invokeTestMethods(TestMethodWorker.java:129)
	at org.testng.internal.TestMethodWorker.run(TestMethodWorker.java:112)
	at org.testng.TestRunner.privateRun(TestRunner.java:782)
	at org.testng.TestRunner.run(TestRunner.java:632)
	at org.testng.SuiteRunner.runTest(SuiteRunner.java:366)
	at org.testng.SuiteRunner.runSequentially(SuiteRunner.java:361)
	at org.testng.SuiteRunner.privateRun(SuiteRunner.java:319)
	at org.testng.SuiteRunner.run(SuiteRunner.java:268)
	at org.testng.SuiteRunnerWorker.runSuite(SuiteRunnerWorker.java:52)
	at org.testng.SuiteRunnerWorker.run(SuiteRunnerWorker.java:86)
	at org.testng.TestNG.runSuitesSequentially(TestNG.java:1244)
	at org.testng.TestNG.runSuitesLocally(TestNG.java:1169)
	at org.testng.TestNG.run(TestNG.java:1064)
	at org.testng.remote.AbstractRemoteTestNG.run(AbstractRemoteTestNG.java:126)
	at org.testng.remote.RemoteTestNG.initAndRun(RemoteTestNG.java:137)
	at org.testng.remote.RemoteTestNG.main(RemoteTestNG.java:58)
</pre></div></td>
<td>0</td>
<td>null</td></tr>
<tr>
<td title='Reg_AccountAccess.LogInPageValidation.emailAuthenticationErrorMessageTest()'><b>emailAuthenticationErrorMessageTest</b><br>Test class: Reg_AccountAccess.LogInPageValidation</td>
<td><div><pre>java.lang.Throwable: Method LogInPageValidation.emailAuthenticationErrorMessageTest()[pri:0, instance:Reg_AccountAccess.LogInPageValidation@932bc4a] depends on not successfully finished methods
... Removed 17 stack frames</pre></div><a href='#' onClick='toggleBox("stack-trace1550228904", this, "Click to show all stack frames", "Click to hide stack frames")'>Click to show all stack frames</a>
<div class='stack-trace' id='stack-trace1550228904'><pre>java.lang.Throwable: Method LogInPageValidation.emailAuthenticationErrorMessageTest()[pri:0, instance:Reg_AccountAccess.LogInPageValidation@932bc4a] depends on not successfully finished methods
	at org.testng.internal.Invoker.invokeTestMethods(Invoker.java:1037)
	at org.testng.internal.TestMethodWorker.invokeTestMethods(TestMethodWorker.java:129)
	at org.testng.internal.TestMethodWorker.run(TestMethodWorker.java:112)
	at org.testng.TestRunner.privateRun(TestRunner.java:782)
	at org.testng.TestRunner.run(TestRunner.java:632)
	at org.testng.SuiteRunner.runTest(SuiteRunner.java:366)
	at org.testng.SuiteRunner.runSequentially(SuiteRunner.java:361)
	at org.testng.SuiteRunner.privateRun(SuiteRunner.java:319)
	at org.testng.SuiteRunner.run(SuiteRunner.java:268)
	at org.testng.SuiteRunnerWorker.runSuite(SuiteRunnerWorker.java:52)
	at org.testng.SuiteRunnerWorker.run(SuiteRunnerWorker.java:86)
	at org.testng.TestNG.runSuitesSequentially(TestNG.java:1244)
	at org.testng.TestNG.runSuitesLocally(TestNG.java:1169)
	at org.testng.TestNG.run(TestNG.java:1064)
	at org.testng.remote.AbstractRemoteTestNG.run(AbstractRemoteTestNG.java:126)
	at org.testng.remote.RemoteTestNG.initAndRun(RemoteTestNG.java:137)
	at org.testng.remote.RemoteTestNG.main(RemoteTestNG.java:58)
</pre></div></td>
<td>0</td>
<td>null</td></tr>
<tr>
<td title='Reg_AccountAccess.LogInPageValidation.logOut()'><b>logOut</b><br>Test class: Reg_AccountAccess.LogInPageValidation</td>
<td><div><pre>java.lang.Throwable: Method LogInPageValidation.logOut()[pri:0, instance:Reg_AccountAccess.LogInPageValidation@932bc4a] depends on not successfully finished methods
... Removed 17 stack frames</pre></div><a href='#' onClick='toggleBox("stack-trace1225568095", this, "Click to show all stack frames", "Click to hide stack frames")'>Click to show all stack frames</a>
<div class='stack-trace' id='stack-trace1225568095'><pre>java.lang.Throwable: Method LogInPageValidation.logOut()[pri:0, instance:Reg_AccountAccess.LogInPageValidation@932bc4a] depends on not successfully finished methods
	at org.testng.internal.Invoker.invokeTestMethods(Invoker.java:1037)
	at org.testng.internal.TestMethodWorker.invokeTestMethods(TestMethodWorker.java:129)
	at org.testng.internal.TestMethodWorker.run(TestMethodWorker.java:112)
	at org.testng.TestRunner.privateRun(TestRunner.java:782)
	at org.testng.TestRunner.run(TestRunner.java:632)
	at org.testng.SuiteRunner.runTest(SuiteRunner.java:366)
	at org.testng.SuiteRunner.runSequentially(SuiteRunner.java:361)
	at org.testng.SuiteRunner.privateRun(SuiteRunner.java:319)
	at org.testng.SuiteRunner.run(SuiteRunner.java:268)
	at org.testng.SuiteRunnerWorker.runSuite(SuiteRunnerWorker.java:52)
	at org.testng.SuiteRunnerWorker.run(SuiteRunnerWorker.java:86)
	at org.testng.TestNG.runSuitesSequentially(TestNG.java:1244)
	at org.testng.TestNG.runSuitesLocally(TestNG.java:1169)
	at org.testng.TestNG.run(TestNG.java:1064)
	at org.testng.remote.AbstractRemoteTestNG.run(AbstractRemoteTestNG.java:126)
	at org.testng.remote.RemoteTestNG.initAndRun(RemoteTestNG.java:137)
	at org.testng.remote.RemoteTestNG.main(RemoteTestNG.java:58)
</pre></div></td>
<td>0</td>
<td>null</td></tr>
<tr>
<td title='Reg_AccountAccess.PasswordResetFuncViaForgotPasswordEmail.passwordDoNotMeetCriteria()'><b>passwordDoNotMeetCriteria</b><br>Test class: Reg_AccountAccess.PasswordResetFuncViaForgotPasswordEmail</td>
<td><div><pre>java.lang.Throwable: Method PasswordResetFuncViaForgotPasswordEmail.passwordDoNotMeetCriteria()[pri:0, instance:Reg_AccountAccess.PasswordResetFuncViaForgotPasswordEmail@37654521] depends on not successfully finished methods
... Removed 17 stack frames</pre></div><a href='#' onClick='toggleBox("stack-trace1195064186", this, "Click to show all stack frames", "Click to hide stack frames")'>Click to show all stack frames</a>
<div class='stack-trace' id='stack-trace1195064186'><pre>java.lang.Throwable: Method PasswordResetFuncViaForgotPasswordEmail.passwordDoNotMeetCriteria()[pri:0, instance:Reg_AccountAccess.PasswordResetFuncViaForgotPasswordEmail@37654521] depends on not successfully finished methods
	at org.testng.internal.Invoker.invokeTestMethods(Invoker.java:1037)
	at org.testng.internal.TestMethodWorker.invokeTestMethods(TestMethodWorker.java:129)
	at org.testng.internal.TestMethodWorker.run(TestMethodWorker.java:112)
	at org.testng.TestRunner.privateRun(TestRunner.java:782)
	at org.testng.TestRunner.run(TestRunner.java:632)
	at org.testng.SuiteRunner.runTest(SuiteRunner.java:366)
	at org.testng.SuiteRunner.runSequentially(SuiteRunner.java:361)
	at org.testng.SuiteRunner.privateRun(SuiteRunner.java:319)
	at org.testng.SuiteRunner.run(SuiteRunner.java:268)
	at org.testng.SuiteRunnerWorker.runSuite(SuiteRunnerWorker.java:52)
	at org.testng.SuiteRunnerWorker.run(SuiteRunnerWorker.java:86)
	at org.testng.TestNG.runSuitesSequentially(TestNG.java:1244)
	at org.testng.TestNG.runSuitesLocally(TestNG.java:1169)
	at org.testng.TestNG.run(TestNG.java:1064)
	at org.testng.remote.AbstractRemoteTestNG.run(AbstractRemoteTestNG.java:126)
	at org.testng.remote.RemoteTestNG.initAndRun(RemoteTestNG.java:137)
	at org.testng.remote.RemoteTestNG.main(RemoteTestNG.java:58)
</pre></div></td>
<td>0</td>
<td>null</td></tr>
<tr>
<td title='Reg_AccountAccess.PasswordResetFuncViaForgotPasswordEmail.passwordShorterThanMinLength()'><b>passwordShorterThanMinLength</b><br>Test class: Reg_AccountAccess.PasswordResetFuncViaForgotPasswordEmail</td>
<td><div><pre>java.lang.Throwable: Method PasswordResetFuncViaForgotPasswordEmail.passwordShorterThanMinLength()[pri:0, instance:Reg_AccountAccess.PasswordResetFuncViaForgotPasswordEmail@37654521] depends on not successfully finished methods
... Removed 17 stack frames</pre></div><a href='#' onClick='toggleBox("stack-trace100708535", this, "Click to show all stack frames", "Click to hide stack frames")'>Click to show all stack frames</a>
<div class='stack-trace' id='stack-trace100708535'><pre>java.lang.Throwable: Method PasswordResetFuncViaForgotPasswordEmail.passwordShorterThanMinLength()[pri:0, instance:Reg_AccountAccess.PasswordResetFuncViaForgotPasswordEmail@37654521] depends on not successfully finished methods
	at org.testng.internal.Invoker.invokeTestMethods(Invoker.java:1037)
	at org.testng.internal.TestMethodWorker.invokeTestMethods(TestMethodWorker.java:129)
	at org.testng.internal.TestMethodWorker.run(TestMethodWorker.java:112)
	at org.testng.TestRunner.privateRun(TestRunner.java:782)
	at org.testng.TestRunner.run(TestRunner.java:632)
	at org.testng.SuiteRunner.runTest(SuiteRunner.java:366)
	at org.testng.SuiteRunner.runSequentially(SuiteRunner.java:361)
	at org.testng.SuiteRunner.privateRun(SuiteRunner.java:319)
	at org.testng.SuiteRunner.run(SuiteRunner.java:268)
	at org.testng.SuiteRunnerWorker.runSuite(SuiteRunnerWorker.java:52)
	at org.testng.SuiteRunnerWorker.run(SuiteRunnerWorker.java:86)
	at org.testng.TestNG.runSuitesSequentially(TestNG.java:1244)
	at org.testng.TestNG.runSuitesLocally(TestNG.java:1169)
	at org.testng.TestNG.run(TestNG.java:1064)
	at org.testng.remote.AbstractRemoteTestNG.run(AbstractRemoteTestNG.java:126)
	at org.testng.remote.RemoteTestNG.initAndRun(RemoteTestNG.java:137)
	at org.testng.remote.RemoteTestNG.main(RemoteTestNG.java:58)
</pre></div></td>
<td>0</td>
<td>null</td></tr>
<tr>
<td title='Reg_AccountAccess.PasswordResetFuncViaForgotPasswordEmail.passwordsDoNotMatch()'><b>passwordsDoNotMatch</b><br>Test class: Reg_AccountAccess.PasswordResetFuncViaForgotPasswordEmail</td>
<td><div><pre>java.lang.Throwable: Method PasswordResetFuncViaForgotPasswordEmail.passwordsDoNotMatch()[pri:0, instance:Reg_AccountAccess.PasswordResetFuncViaForgotPasswordEmail@37654521] depends on not successfully finished methods
... Removed 17 stack frames</pre></div><a href='#' onClick='toggleBox("stack-trace1587872480", this, "Click to show all stack frames", "Click to hide stack frames")'>Click to show all stack frames</a>
<div class='stack-trace' id='stack-trace1587872480'><pre>java.lang.Throwable: Method PasswordResetFuncViaForgotPasswordEmail.passwordsDoNotMatch()[pri:0, instance:Reg_AccountAccess.PasswordResetFuncViaForgotPasswordEmail@37654521] depends on not successfully finished methods
	at org.testng.internal.Invoker.invokeTestMethods(Invoker.java:1037)
	at org.testng.internal.TestMethodWorker.invokeTestMethods(TestMethodWorker.java:129)
	at org.testng.internal.TestMethodWorker.run(TestMethodWorker.java:112)
	at org.testng.TestRunner.privateRun(TestRunner.java:782)
	at org.testng.TestRunner.run(TestRunner.java:632)
	at org.testng.SuiteRunner.runTest(SuiteRunner.java:366)
	at org.testng.SuiteRunner.runSequentially(SuiteRunner.java:361)
	at org.testng.SuiteRunner.privateRun(SuiteRunner.java:319)
	at org.testng.SuiteRunner.run(SuiteRunner.java:268)
	at org.testng.SuiteRunnerWorker.runSuite(SuiteRunnerWorker.java:52)
	at org.testng.SuiteRunnerWorker.run(SuiteRunnerWorker.java:86)
	at org.testng.TestNG.runSuitesSequentially(TestNG.java:1244)
	at org.testng.TestNG.runSuitesLocally(TestNG.java:1169)
	at org.testng.TestNG.run(TestNG.java:1064)
	at org.testng.remote.AbstractRemoteTestNG.run(AbstractRemoteTestNG.java:126)
	at org.testng.remote.RemoteTestNG.initAndRun(RemoteTestNG.java:137)
	at org.testng.remote.RemoteTestNG.main(RemoteTestNG.java:58)
</pre></div></td>
<td>0</td>
<td>null</td></tr>
<tr>
<td title='Reg_AccountAccess.PasswordResetFuncViaForgotPasswordEmail.resetPasswordAgainFieldBlank()'><b>resetPasswordAgainFieldBlank</b><br>Test class: Reg_AccountAccess.PasswordResetFuncViaForgotPasswordEmail</td>
<td><div><pre>java.lang.Throwable: Method PasswordResetFuncViaForgotPasswordEmail.resetPasswordAgainFieldBlank()[pri:0, instance:Reg_AccountAccess.PasswordResetFuncViaForgotPasswordEmail@37654521] depends on not successfully finished methods
... Removed 17 stack frames</pre></div><a href='#' onClick='toggleBox("stack-trace984412970", this, "Click to show all stack frames", "Click to hide stack frames")'>Click to show all stack frames</a>
<div class='stack-trace' id='stack-trace984412970'><pre>java.lang.Throwable: Method PasswordResetFuncViaForgotPasswordEmail.resetPasswordAgainFieldBlank()[pri:0, instance:Reg_AccountAccess.PasswordResetFuncViaForgotPasswordEmail@37654521] depends on not successfully finished methods
	at org.testng.internal.Invoker.invokeTestMethods(Invoker.java:1037)
	at org.testng.internal.TestMethodWorker.invokeTestMethods(TestMethodWorker.java:129)
	at org.testng.internal.TestMethodWorker.run(TestMethodWorker.java:112)
	at org.testng.TestRunner.privateRun(TestRunner.java:782)
	at org.testng.TestRunner.run(TestRunner.java:632)
	at org.testng.SuiteRunner.runTest(SuiteRunner.java:366)
	at org.testng.SuiteRunner.runSequentially(SuiteRunner.java:361)
	at org.testng.SuiteRunner.privateRun(SuiteRunner.java:319)
	at org.testng.SuiteRunner.run(SuiteRunner.java:268)
	at org.testng.SuiteRunnerWorker.runSuite(SuiteRunnerWorker.java:52)
	at org.testng.SuiteRunnerWorker.run(SuiteRunnerWorker.java:86)
	at org.testng.TestNG.runSuitesSequentially(TestNG.java:1244)
	at org.testng.TestNG.runSuitesLocally(TestNG.java:1169)
	at org.testng.TestNG.run(TestNG.java:1064)
	at org.testng.remote.AbstractRemoteTestNG.run(AbstractRemoteTestNG.java:126)
	at org.testng.remote.RemoteTestNG.initAndRun(RemoteTestNG.java:137)
	at org.testng.remote.RemoteTestNG.main(RemoteTestNG.java:58)
</pre></div></td>
<td>0</td>
<td>null</td></tr>
<tr>
<td title='Reg_AccountAccess.PasswordResetFuncViaForgotPasswordEmail.resetPasswordFunctionality()'><b>resetPasswordFunctionality</b><br>Test class: Reg_AccountAccess.PasswordResetFuncViaForgotPasswordEmail</td>
<td><div><pre>java.lang.Throwable: Method PasswordResetFuncViaForgotPasswordEmail.resetPasswordFunctionality()[pri:0, instance:Reg_AccountAccess.PasswordResetFuncViaForgotPasswordEmail@37654521] depends on not successfully finished methods
... Removed 17 stack frames</pre></div><a href='#' onClick='toggleBox("stack-trace2008547236", this, "Click to show all stack frames", "Click to hide stack frames")'>Click to show all stack frames</a>
<div class='stack-trace' id='stack-trace2008547236'><pre>java.lang.Throwable: Method PasswordResetFuncViaForgotPasswordEmail.resetPasswordFunctionality()[pri:0, instance:Reg_AccountAccess.PasswordResetFuncViaForgotPasswordEmail@37654521] depends on not successfully finished methods
	at org.testng.internal.Invoker.invokeTestMethods(Invoker.java:1037)
	at org.testng.internal.TestMethodWorker.invokeTestMethods(TestMethodWorker.java:129)
	at org.testng.internal.TestMethodWorker.run(TestMethodWorker.java:112)
	at org.testng.TestRunner.privateRun(TestRunner.java:782)
	at org.testng.TestRunner.run(TestRunner.java:632)
	at org.testng.SuiteRunner.runTest(SuiteRunner.java:366)
	at org.testng.SuiteRunner.runSequentially(SuiteRunner.java:361)
	at org.testng.SuiteRunner.privateRun(SuiteRunner.java:319)
	at org.testng.SuiteRunner.run(SuiteRunner.java:268)
	at org.testng.SuiteRunnerWorker.runSuite(SuiteRunnerWorker.java:52)
	at org.testng.SuiteRunnerWorker.run(SuiteRunnerWorker.java:86)
	at org.testng.TestNG.runSuitesSequentially(TestNG.java:1244)
	at org.testng.TestNG.runSuitesLocally(TestNG.java:1169)
	at org.testng.TestNG.run(TestNG.java:1064)
	at org.testng.remote.AbstractRemoteTestNG.run(AbstractRemoteTestNG.java:126)
	at org.testng.remote.RemoteTestNG.initAndRun(RemoteTestNG.java:137)
	at org.testng.remote.RemoteTestNG.main(RemoteTestNG.java:58)
</pre></div></td>
<td>0</td>
<td>null</td></tr>
<tr>
<td title='Reg_AccountAccess.PasswordResetFuncViaForgotPasswordEmail.resetPasswordandPasswordAgainFieldsBlank()'><b>resetPasswordandPasswordAgainFieldsBlank</b><br>Test class: Reg_AccountAccess.PasswordResetFuncViaForgotPasswordEmail</td>
<td><div><pre>java.lang.Throwable: Method PasswordResetFuncViaForgotPasswordEmail.resetPasswordandPasswordAgainFieldsBlank()[pri:0, instance:Reg_AccountAccess.PasswordResetFuncViaForgotPasswordEmail@37654521] depends on not successfully finished methods
... Removed 17 stack frames</pre></div><a href='#' onClick='toggleBox("stack-trace137123763", this, "Click to show all stack frames", "Click to hide stack frames")'>Click to show all stack frames</a>
<div class='stack-trace' id='stack-trace137123763'><pre>java.lang.Throwable: Method PasswordResetFuncViaForgotPasswordEmail.resetPasswordandPasswordAgainFieldsBlank()[pri:0, instance:Reg_AccountAccess.PasswordResetFuncViaForgotPasswordEmail@37654521] depends on not successfully finished methods
	at org.testng.internal.Invoker.invokeTestMethods(Invoker.java:1037)
	at org.testng.internal.TestMethodWorker.invokeTestMethods(TestMethodWorker.java:129)
	at org.testng.internal.TestMethodWorker.run(TestMethodWorker.java:112)
	at org.testng.TestRunner.privateRun(TestRunner.java:782)
	at org.testng.TestRunner.run(TestRunner.java:632)
	at org.testng.SuiteRunner.runTest(SuiteRunner.java:366)
	at org.testng.SuiteRunner.runSequentially(SuiteRunner.java:361)
	at org.testng.SuiteRunner.privateRun(SuiteRunner.java:319)
	at org.testng.SuiteRunner.run(SuiteRunner.java:268)
	at org.testng.SuiteRunnerWorker.runSuite(SuiteRunnerWorker.java:52)
	at org.testng.SuiteRunnerWorker.run(SuiteRunnerWorker.java:86)
	at org.testng.TestNG.runSuitesSequentially(TestNG.java:1244)
	at org.testng.TestNG.runSuitesLocally(TestNG.java:1169)
	at org.testng.TestNG.run(TestNG.java:1064)
	at org.testng.remote.AbstractRemoteTestNG.run(AbstractRemoteTestNG.java:126)
	at org.testng.remote.RemoteTestNG.initAndRun(RemoteTestNG.java:137)
	at org.testng.remote.RemoteTestNG.main(RemoteTestNG.java:58)
</pre></div></td>
<td>0</td>
<td>null</td></tr>
<tr>
<td title='Reg_AccountAccess.ForgotPasswordFunctionality.verifyAccessCredentialsPostPasswordChange()'><b>verifyAccessCredentialsPostPasswordChange</b><br>Test class: Reg_AccountAccess.ForgotPasswordFunctionality</td>
<td><div><pre>java.lang.Throwable: Method ForgotPasswordFunctionality.verifyAccessCredentialsPostPasswordChange()[pri:0, instance:Reg_AccountAccess.ForgotPasswordFunctionality@4bb33f74] depends on not successfully finished methods
... Removed 17 stack frames</pre></div><a href='#' onClick='toggleBox("stack-trace698676628", this, "Click to show all stack frames", "Click to hide stack frames")'>Click to show all stack frames</a>
<div class='stack-trace' id='stack-trace698676628'><pre>java.lang.Throwable: Method ForgotPasswordFunctionality.verifyAccessCredentialsPostPasswordChange()[pri:0, instance:Reg_AccountAccess.ForgotPasswordFunctionality@4bb33f74] depends on not successfully finished methods
	at org.testng.internal.Invoker.invokeTestMethods(Invoker.java:1037)
	at org.testng.internal.TestMethodWorker.invokeTestMethods(TestMethodWorker.java:129)
	at org.testng.internal.TestMethodWorker.run(TestMethodWorker.java:112)
	at org.testng.TestRunner.privateRun(TestRunner.java:782)
	at org.testng.TestRunner.run(TestRunner.java:632)
	at org.testng.SuiteRunner.runTest(SuiteRunner.java:366)
	at org.testng.SuiteRunner.runSequentially(SuiteRunner.java:361)
	at org.testng.SuiteRunner.privateRun(SuiteRunner.java:319)
	at org.testng.SuiteRunner.run(SuiteRunner.java:268)
	at org.testng.SuiteRunnerWorker.runSuite(SuiteRunnerWorker.java:52)
	at org.testng.SuiteRunnerWorker.run(SuiteRunnerWorker.java:86)
	at org.testng.TestNG.runSuitesSequentially(TestNG.java:1244)
	at org.testng.TestNG.runSuitesLocally(TestNG.java:1169)
	at org.testng.TestNG.run(TestNG.java:1064)
	at org.testng.remote.AbstractRemoteTestNG.run(AbstractRemoteTestNG.java:126)
	at org.testng.remote.RemoteTestNG.initAndRun(RemoteTestNG.java:137)
	at org.testng.remote.RemoteTestNG.main(RemoteTestNG.java:58)
</pre></div></td>
<td>0</td>
<td>null</td></tr>
<tr>
<td title='Reg_AccountAccess.ForgotPasswordFunctionality.verifyActivationEmailReceivedAndDelete()'><b>verifyActivationEmailReceivedAndDelete</b><br>Test class: Reg_AccountAccess.ForgotPasswordFunctionality</td>
<td><div><pre>java.lang.Throwable: Method ForgotPasswordFunctionality.verifyActivationEmailReceivedAndDelete()[pri:0, instance:Reg_AccountAccess.ForgotPasswordFunctionality@4bb33f74] depends on not successfully finished methods
... Removed 17 stack frames</pre></div><a href='#' onClick='toggleBox("stack-trace1830231264", this, "Click to show all stack frames", "Click to hide stack frames")'>Click to show all stack frames</a>
<div class='stack-trace' id='stack-trace1830231264'><pre>java.lang.Throwable: Method ForgotPasswordFunctionality.verifyActivationEmailReceivedAndDelete()[pri:0, instance:Reg_AccountAccess.ForgotPasswordFunctionality@4bb33f74] depends on not successfully finished methods
	at org.testng.internal.Invoker.invokeTestMethods(Invoker.java:1037)
	at org.testng.internal.TestMethodWorker.invokeTestMethods(TestMethodWorker.java:129)
	at org.testng.internal.TestMethodWorker.run(TestMethodWorker.java:112)
	at org.testng.TestRunner.privateRun(TestRunner.java:782)
	at org.testng.TestRunner.run(TestRunner.java:632)
	at org.testng.SuiteRunner.runTest(SuiteRunner.java:366)
	at org.testng.SuiteRunner.runSequentially(SuiteRunner.java:361)
	at org.testng.SuiteRunner.privateRun(SuiteRunner.java:319)
	at org.testng.SuiteRunner.run(SuiteRunner.java:268)
	at org.testng.SuiteRunnerWorker.runSuite(SuiteRunnerWorker.java:52)
	at org.testng.SuiteRunnerWorker.run(SuiteRunnerWorker.java:86)
	at org.testng.TestNG.runSuitesSequentially(TestNG.java:1244)
	at org.testng.TestNG.runSuitesLocally(TestNG.java:1169)
	at org.testng.TestNG.run(TestNG.java:1064)
	at org.testng.remote.AbstractRemoteTestNG.run(AbstractRemoteTestNG.java:126)
	at org.testng.remote.RemoteTestNG.initAndRun(RemoteTestNG.java:137)
	at org.testng.remote.RemoteTestNG.main(RemoteTestNG.java:58)
</pre></div></td>
<td>0</td>
<td>null</td></tr>
<tr>
<td title='Reg_AccountAccess.PasswordResetFuncViaForgotPasswordEmail.verifyCanLogInNewPassword()'><b>verifyCanLogInNewPassword</b><br>Test class: Reg_AccountAccess.PasswordResetFuncViaForgotPasswordEmail</td>
<td><div><pre>java.lang.Throwable: Method PasswordResetFuncViaForgotPasswordEmail.verifyCanLogInNewPassword()[pri:0, instance:Reg_AccountAccess.PasswordResetFuncViaForgotPasswordEmail@37654521] depends on not successfully finished methods
... Removed 17 stack frames</pre></div><a href='#' onClick='toggleBox("stack-trace2108440536", this, "Click to show all stack frames", "Click to hide stack frames")'>Click to show all stack frames</a>
<div class='stack-trace' id='stack-trace2108440536'><pre>java.lang.Throwable: Method PasswordResetFuncViaForgotPasswordEmail.verifyCanLogInNewPassword()[pri:0, instance:Reg_AccountAccess.PasswordResetFuncViaForgotPasswordEmail@37654521] depends on not successfully finished methods
	at org.testng.internal.Invoker.invokeTestMethods(Invoker.java:1037)
	at org.testng.internal.TestMethodWorker.invokeTestMethods(TestMethodWorker.java:129)
	at org.testng.internal.TestMethodWorker.run(TestMethodWorker.java:112)
	at org.testng.TestRunner.privateRun(TestRunner.java:782)
	at org.testng.TestRunner.run(TestRunner.java:632)
	at org.testng.SuiteRunner.runTest(SuiteRunner.java:366)
	at org.testng.SuiteRunner.runSequentially(SuiteRunner.java:361)
	at org.testng.SuiteRunner.privateRun(SuiteRunner.java:319)
	at org.testng.SuiteRunner.run(SuiteRunner.java:268)
	at org.testng.SuiteRunnerWorker.runSuite(SuiteRunnerWorker.java:52)
	at org.testng.SuiteRunnerWorker.run(SuiteRunnerWorker.java:86)
	at org.testng.TestNG.runSuitesSequentially(TestNG.java:1244)
	at org.testng.TestNG.runSuitesLocally(TestNG.java:1169)
	at org.testng.TestNG.run(TestNG.java:1064)
	at org.testng.remote.AbstractRemoteTestNG.run(AbstractRemoteTestNG.java:126)
	at org.testng.remote.RemoteTestNG.initAndRun(RemoteTestNG.java:137)
	at org.testng.remote.RemoteTestNG.main(RemoteTestNG.java:58)
</pre></div></td>
<td>0</td>
<td>null</td></tr>
<tr>
<td title='Reg_AccountAccess.PasswordResetFuncViaForgotPasswordEmail.verifyCanNotLoginOldPassword()'><b>verifyCanNotLoginOldPassword</b><br>Test class: Reg_AccountAccess.PasswordResetFuncViaForgotPasswordEmail</td>
<td><div><pre>java.lang.Throwable: Method PasswordResetFuncViaForgotPasswordEmail.verifyCanNotLoginOldPassword()[pri:0, instance:Reg_AccountAccess.PasswordResetFuncViaForgotPasswordEmail@37654521] depends on not successfully finished methods
... Removed 17 stack frames</pre></div><a href='#' onClick='toggleBox("stack-trace322830747", this, "Click to show all stack frames", "Click to hide stack frames")'>Click to show all stack frames</a>
<div class='stack-trace' id='stack-trace322830747'><pre>java.lang.Throwable: Method PasswordResetFuncViaForgotPasswordEmail.verifyCanNotLoginOldPassword()[pri:0, instance:Reg_AccountAccess.PasswordResetFuncViaForgotPasswordEmail@37654521] depends on not successfully finished methods
	at org.testng.internal.Invoker.invokeTestMethods(Invoker.java:1037)
	at org.testng.internal.TestMethodWorker.invokeTestMethods(TestMethodWorker.java:129)
	at org.testng.internal.TestMethodWorker.run(TestMethodWorker.java:112)
	at org.testng.TestRunner.privateRun(TestRunner.java:782)
	at org.testng.TestRunner.run(TestRunner.java:632)
	at org.testng.SuiteRunner.runTest(SuiteRunner.java:366)
	at org.testng.SuiteRunner.runSequentially(SuiteRunner.java:361)
	at org.testng.SuiteRunner.privateRun(SuiteRunner.java:319)
	at org.testng.SuiteRunner.run(SuiteRunner.java:268)
	at org.testng.SuiteRunnerWorker.runSuite(SuiteRunnerWorker.java:52)
	at org.testng.SuiteRunnerWorker.run(SuiteRunnerWorker.java:86)
	at org.testng.TestNG.runSuitesSequentially(TestNG.java:1244)
	at org.testng.TestNG.runSuitesLocally(TestNG.java:1169)
	at org.testng.TestNG.run(TestNG.java:1064)
	at org.testng.remote.AbstractRemoteTestNG.run(AbstractRemoteTestNG.java:126)
	at org.testng.remote.RemoteTestNG.initAndRun(RemoteTestNG.java:137)
	at org.testng.remote.RemoteTestNG.main(RemoteTestNG.java:58)
</pre></div></td>
<td>0</td>
<td>null</td></tr>
<tr>
<td title='Reg_AccountAccess.LogInPageValidation.verifyCaseVariationsOfEmailAddressesAreAccepted()'><b>verifyCaseVariationsOfEmailAddressesAreAccepted</b><br>Test class: Reg_AccountAccess.LogInPageValidation</td>
<td><div><pre>java.lang.Throwable: Method LogInPageValidation.verifyCaseVariationsOfEmailAddressesAreAccepted(java.lang.String)[pri:0, instance:Reg_AccountAccess.LogInPageValidation@932bc4a] depends on not successfully finished methods
... Removed 17 stack frames</pre></div><a href='#' onClick='toggleBox("stack-trace491273700", this, "Click to show all stack frames", "Click to hide stack frames")'>Click to show all stack frames</a>
<div class='stack-trace' id='stack-trace491273700'><pre>java.lang.Throwable: Method LogInPageValidation.verifyCaseVariationsOfEmailAddressesAreAccepted(java.lang.String)[pri:0, instance:Reg_AccountAccess.LogInPageValidation@932bc4a] depends on not successfully finished methods
	at org.testng.internal.Invoker.invokeTestMethods(Invoker.java:1037)
	at org.testng.internal.TestMethodWorker.invokeTestMethods(TestMethodWorker.java:129)
	at org.testng.internal.TestMethodWorker.run(TestMethodWorker.java:112)
	at org.testng.TestRunner.privateRun(TestRunner.java:782)
	at org.testng.TestRunner.run(TestRunner.java:632)
	at org.testng.SuiteRunner.runTest(SuiteRunner.java:366)
	at org.testng.SuiteRunner.runSequentially(SuiteRunner.java:361)
	at org.testng.SuiteRunner.privateRun(SuiteRunner.java:319)
	at org.testng.SuiteRunner.run(SuiteRunner.java:268)
	at org.testng.SuiteRunnerWorker.runSuite(SuiteRunnerWorker.java:52)
	at org.testng.SuiteRunnerWorker.run(SuiteRunnerWorker.java:86)
	at org.testng.TestNG.runSuitesSequentially(TestNG.java:1244)
	at org.testng.TestNG.runSuitesLocally(TestNG.java:1169)
	at org.testng.TestNG.run(TestNG.java:1064)
	at org.testng.remote.AbstractRemoteTestNG.run(AbstractRemoteTestNG.java:126)
	at org.testng.remote.RemoteTestNG.initAndRun(RemoteTestNG.java:137)
	at org.testng.remote.RemoteTestNG.main(RemoteTestNG.java:58)
</pre></div></td>
<td>0</td>
<td>null</td></tr>
<tr>
<td title='Reg_AccountAccess.LogInPageValidation.verifyIncorrectEmailSyntaxError()'><b>verifyIncorrectEmailSyntaxError</b><br>Test class: Reg_AccountAccess.LogInPageValidation</td>
<td><div><pre>java.lang.Throwable: Method LogInPageValidation.verifyIncorrectEmailSyntaxError(java.lang.String)[pri:0, instance:Reg_AccountAccess.LogInPageValidation@932bc4a] depends on not successfully finished methods
... Removed 17 stack frames</pre></div><a href='#' onClick='toggleBox("stack-trace1439632660", this, "Click to show all stack frames", "Click to hide stack frames")'>Click to show all stack frames</a>
<div class='stack-trace' id='stack-trace1439632660'><pre>java.lang.Throwable: Method LogInPageValidation.verifyIncorrectEmailSyntaxError(java.lang.String)[pri:0, instance:Reg_AccountAccess.LogInPageValidation@932bc4a] depends on not successfully finished methods
	at org.testng.internal.Invoker.invokeTestMethods(Invoker.java:1037)
	at org.testng.internal.TestMethodWorker.invokeTestMethods(TestMethodWorker.java:129)
	at org.testng.internal.TestMethodWorker.run(TestMethodWorker.java:112)
	at org.testng.TestRunner.privateRun(TestRunner.java:782)
	at org.testng.TestRunner.run(TestRunner.java:632)
	at org.testng.SuiteRunner.runTest(SuiteRunner.java:366)
	at org.testng.SuiteRunner.runSequentially(SuiteRunner.java:361)
	at org.testng.SuiteRunner.privateRun(SuiteRunner.java:319)
	at org.testng.SuiteRunner.run(SuiteRunner.java:268)
	at org.testng.SuiteRunnerWorker.runSuite(SuiteRunnerWorker.java:52)
	at org.testng.SuiteRunnerWorker.run(SuiteRunnerWorker.java:86)
	at org.testng.TestNG.runSuitesSequentially(TestNG.java:1244)
	at org.testng.TestNG.runSuitesLocally(TestNG.java:1169)
	at org.testng.TestNG.run(TestNG.java:1064)
	at org.testng.remote.AbstractRemoteTestNG.run(AbstractRemoteTestNG.java:126)
	at org.testng.remote.RemoteTestNG.initAndRun(RemoteTestNG.java:137)
	at org.testng.remote.RemoteTestNG.main(RemoteTestNG.java:58)
</pre></div></td>
<td>0</td>
<td>null</td></tr>
<tr>
<td title='Reg_AccountAccess.ForgotPasswordFunctionality.verifyPasswordResetEmailAndChangePassword()'><b>verifyPasswordResetEmailAndChangePassword</b><br>Test class: Reg_AccountAccess.ForgotPasswordFunctionality</td>
<td><div><pre>java.lang.Throwable: Method ForgotPasswordFunctionality.verifyPasswordResetEmailAndChangePassword()[pri:0, instance:Reg_AccountAccess.ForgotPasswordFunctionality@4bb33f74] depends on not successfully finished methods
... Removed 17 stack frames</pre></div><a href='#' onClick='toggleBox("stack-trace1847410999", this, "Click to show all stack frames", "Click to hide stack frames")'>Click to show all stack frames</a>
<div class='stack-trace' id='stack-trace1847410999'><pre>java.lang.Throwable: Method ForgotPasswordFunctionality.verifyPasswordResetEmailAndChangePassword()[pri:0, instance:Reg_AccountAccess.ForgotPasswordFunctionality@4bb33f74] depends on not successfully finished methods
	at org.testng.internal.Invoker.invokeTestMethods(Invoker.java:1037)
	at org.testng.internal.TestMethodWorker.invokeTestMethods(TestMethodWorker.java:129)
	at org.testng.internal.TestMethodWorker.run(TestMethodWorker.java:112)
	at org.testng.TestRunner.privateRun(TestRunner.java:782)
	at org.testng.TestRunner.run(TestRunner.java:632)
	at org.testng.SuiteRunner.runTest(SuiteRunner.java:366)
	at org.testng.SuiteRunner.runSequentially(SuiteRunner.java:361)
	at org.testng.SuiteRunner.privateRun(SuiteRunner.java:319)
	at org.testng.SuiteRunner.run(SuiteRunner.java:268)
	at org.testng.SuiteRunnerWorker.runSuite(SuiteRunnerWorker.java:52)
	at org.testng.SuiteRunnerWorker.run(SuiteRunnerWorker.java:86)
	at org.testng.TestNG.runSuitesSequentially(TestNG.java:1244)
	at org.testng.TestNG.runSuitesLocally(TestNG.java:1169)
	at org.testng.TestNG.run(TestNG.java:1064)
	at org.testng.remote.AbstractRemoteTestNG.run(AbstractRemoteTestNG.java:126)
	at org.testng.remote.RemoteTestNG.initAndRun(RemoteTestNG.java:137)
	at org.testng.remote.RemoteTestNG.main(RemoteTestNG.java:58)
</pre></div></td>
<td>0</td>
<td>null</td></tr>
<tr>
<td title='Reg_AccountAccess.PasswordResetFuncViaForgotPasswordEmail.verifyUserRedirectedToLoginPage()'><b>verifyUserRedirectedToLoginPage</b><br>Test class: Reg_AccountAccess.PasswordResetFuncViaForgotPasswordEmail</td>
<td><div><pre>java.lang.Throwable: Method PasswordResetFuncViaForgotPasswordEmail.verifyUserRedirectedToLoginPage()[pri:0, instance:Reg_AccountAccess.PasswordResetFuncViaForgotPasswordEmail@37654521] depends on not successfully finished methods
... Removed 17 stack frames</pre></div><a href='#' onClick='toggleBox("stack-trace1076855029", this, "Click to show all stack frames", "Click to hide stack frames")'>Click to show all stack frames</a>
<div class='stack-trace' id='stack-trace1076855029'><pre>java.lang.Throwable: Method PasswordResetFuncViaForgotPasswordEmail.verifyUserRedirectedToLoginPage()[pri:0, instance:Reg_AccountAccess.PasswordResetFuncViaForgotPasswordEmail@37654521] depends on not successfully finished methods
	at org.testng.internal.Invoker.invokeTestMethods(Invoker.java:1037)
	at org.testng.internal.TestMethodWorker.invokeTestMethods(TestMethodWorker.java:129)
	at org.testng.internal.TestMethodWorker.run(TestMethodWorker.java:112)
	at org.testng.TestRunner.privateRun(TestRunner.java:782)
	at org.testng.TestRunner.run(TestRunner.java:632)
	at org.testng.SuiteRunner.runTest(SuiteRunner.java:366)
	at org.testng.SuiteRunner.runSequentially(SuiteRunner.java:361)
	at org.testng.SuiteRunner.privateRun(SuiteRunner.java:319)
	at org.testng.SuiteRunner.run(SuiteRunner.java:268)
	at org.testng.SuiteRunnerWorker.runSuite(SuiteRunnerWorker.java:52)
	at org.testng.SuiteRunnerWorker.run(SuiteRunnerWorker.java:86)
	at org.testng.TestNG.runSuitesSequentially(TestNG.java:1244)
	at org.testng.TestNG.runSuitesLocally(TestNG.java:1169)
	at org.testng.TestNG.run(TestNG.java:1064)
	at org.testng.remote.AbstractRemoteTestNG.run(AbstractRemoteTestNG.java:126)
	at org.testng.remote.RemoteTestNG.initAndRun(RemoteTestNG.java:137)
	at org.testng.remote.RemoteTestNG.main(RemoteTestNG.java:58)
</pre></div></td>
<td>0</td>
<td>null</td></tr>
<tr>
<td title='Reg_AccountAccess.LogInPageValidation.verifyVariationsOfValidCaseSensitivePasswordsAreNotAccepted()'><b>verifyVariationsOfValidCaseSensitivePasswordsAreNotAccepted</b><br>Test class: Reg_AccountAccess.LogInPageValidation</td>
<td><div><pre>java.lang.Throwable: Method LogInPageValidation.verifyVariationsOfValidCaseSensitivePasswordsAreNotAccepted(java.lang.String)[pri:0, instance:Reg_AccountAccess.LogInPageValidation@932bc4a] depends on not successfully finished methods
... Removed 17 stack frames</pre></div><a href='#' onClick='toggleBox("stack-trace684822005", this, "Click to show all stack frames", "Click to hide stack frames")'>Click to show all stack frames</a>
<div class='stack-trace' id='stack-trace684822005'><pre>java.lang.Throwable: Method LogInPageValidation.verifyVariationsOfValidCaseSensitivePasswordsAreNotAccepted(java.lang.String)[pri:0, instance:Reg_AccountAccess.LogInPageValidation@932bc4a] depends on not successfully finished methods
	at org.testng.internal.Invoker.invokeTestMethods(Invoker.java:1037)
	at org.testng.internal.TestMethodWorker.invokeTestMethods(TestMethodWorker.java:129)
	at org.testng.internal.TestMethodWorker.run(TestMethodWorker.java:112)
	at org.testng.TestRunner.privateRun(TestRunner.java:782)
	at org.testng.TestRunner.run(TestRunner.java:632)
	at org.testng.SuiteRunner.runTest(SuiteRunner.java:366)
	at org.testng.SuiteRunner.runSequentially(SuiteRunner.java:361)
	at org.testng.SuiteRunner.privateRun(SuiteRunner.java:319)
	at org.testng.SuiteRunner.run(SuiteRunner.java:268)
	at org.testng.SuiteRunnerWorker.runSuite(SuiteRunnerWorker.java:52)
	at org.testng.SuiteRunnerWorker.run(SuiteRunnerWorker.java:86)
	at org.testng.TestNG.runSuitesSequentially(TestNG.java:1244)
	at org.testng.TestNG.runSuitesLocally(TestNG.java:1169)
	at org.testng.TestNG.run(TestNG.java:1064)
	at org.testng.remote.AbstractRemoteTestNG.run(AbstractRemoteTestNG.java:126)
	at org.testng.remote.RemoteTestNG.initAndRun(RemoteTestNG.java:137)
	at org.testng.remote.RemoteTestNG.main(RemoteTestNG.java:58)
</pre></div></td>
<td>0</td>
<td>null</td></tr>
</table><p>
</body>
</html>