<?xml version="1.0" encoding="UTF-8"?>
<!-- Generated by org.testng.reporters.JUnitXMLReporter -->
<testsuite hostname="creme130" name="AccountAccessRegressionTest" tests="50" failures="4" timestamp="6 Feb 2017 13:02:31 GMT" time="994.97" errors="0">
  <testcase name="createActiveUserProfile" time="12.215" classname="Reg_AccountAccess.LogInPageValidation"/>
  <testcase name="pageValidationAndErrorVerification" time="64.554" classname="Reg_AccountAccess.LogInPageValidation">
    <failure type="org.openqa.selenium.TimeoutException" message="Timed out after 50 seconds waiting for visibility of [[FirefoxDriver: firefox on WINDOWS (dc6f3410-fc98-40c4-8c41-53839931d7e1)] -&amp;gt; xpath: //div[@class=&amp;apos;md-input-message-animation ng-scope&amp;apos;]//translate[text()=&amp;apos;Email is required.&amp;apos;]]
Build info: version: &amp;apos;2.53.0&amp;apos;, revision: &amp;apos;35ae25b1534ae328c771e0856c93e187490ca824&amp;apos;, time: &amp;apos;2016-03-15 10:43:46&amp;apos;
System info: host: &amp;apos;creme130&amp;apos;, ip: &amp;apos;192.168.17.130&amp;apos;, os.name: &amp;apos;Windows 10&amp;apos;, os.arch: &amp;apos;amd64&amp;apos;, os.version: &amp;apos;10.0&amp;apos;, java.version: &amp;apos;1.8.0_111&amp;apos;
Driver info: org.openqa.selenium.firefox.FirefoxDriver
Capabilities [{applicationCacheEnabled=true, rotatable=false, handlesAlerts=true, databaseEnabled=true, version=46.0.1, platform=WINDOWS, nativeEvents=false, acceptSslCerts=true, webStorageEnabled=true, locationContextEnabled=true, browserName=firefox, takesScreenshot=true, javascriptEnabled=true, cssSelectorsEnabled=true}]
Session ID: dc6f3410-fc98-40c4-8c41-53839931d7e1">
      <![CDATA[org.openqa.selenium.TimeoutException: Timed out after 50 seconds waiting for visibility of [[FirefoxDriver: firefox on WINDOWS (dc6f3410-fc98-40c4-8c41-53839931d7e1)] -> xpath: //div[@class='md-input-message-animation ng-scope']//translate[text()='Email is required.']]
Build info: version: '2.53.0', revision: '35ae25b1534ae328c771e0856c93e187490ca824', time: '2016-03-15 10:43:46'
System info: host: 'creme130', ip: '192.168.17.130', os.name: 'Windows 10', os.arch: 'amd64', os.version: '10.0', java.version: '1.8.0_111'
Driver info: org.openqa.selenium.firefox.FirefoxDriver
Capabilities [{applicationCacheEnabled=true, rotatable=false, handlesAlerts=true, databaseEnabled=true, version=46.0.1, platform=WINDOWS, nativeEvents=false, acceptSslCerts=true, webStorageEnabled=true, locationContextEnabled=true, browserName=firefox, takesScreenshot=true, javascriptEnabled=true, cssSelectorsEnabled=true}]
Session ID: dc6f3410-fc98-40c4-8c41-53839931d7e1
	at org.openqa.selenium.support.ui.WebDriverWait.timeoutException(WebDriverWait.java:80)
	at org.openqa.selenium.support.ui.FluentWait.until(FluentWait.java:261)
	at Util.WaitTypes.waitForElementVisibilityByWebElement(WaitTypes.java:105)
	at Page.classes.LogInPage.nullEmailErrorMessageIsDisplayed(LogInPage.java:437)
	at Reg_AccountAccess.LogInPageValidation.pageValidationAndErrorVerification(LogInPageValidation.java:123)
... Removed 24 stack frames]]>
    </failure>
  </testcase> <!-- pageValidationAndErrorVerification -->
  <testcase name="logOut" time="0.0" classname="Reg_AccountAccess.LogInPageValidation">
    <skipped/>
  </testcase> <!-- logOut -->
  <testcase name="emailAuthenticationErrorMessageTest" time="0.0" classname="Reg_AccountAccess.LogInPageValidation">
    <skipped/>
  </testcase> <!-- emailAuthenticationErrorMessageTest -->
  <testcase name="verifyCaseVariationsOfEmailAddressesAreAccepted" time="0.0" classname="Reg_AccountAccess.LogInPageValidation">
    <skipped/>
  </testcase> <!-- verifyCaseVariationsOfEmailAddressesAreAccepted -->
  <testcase name="verifyVariationsOfValidCaseSensitivePasswordsAreNotAccepted" time="0.0" classname="Reg_AccountAccess.LogInPageValidation">
    <skipped/>
  </testcase> <!-- verifyVariationsOfValidCaseSensitivePasswordsAreNotAccepted -->
  <testcase name="verifyIncorrectEmailSyntaxError" time="0.0" classname="Reg_AccountAccess.LogInPageValidation">
    <skipped/>
  </testcase> <!-- verifyIncorrectEmailSyntaxError -->
  <testcase name="createActiveUserProfile" time="11.405" classname="Reg_AccountAccess.UserProfileAccountPage"/>
  <testcase name="verifyAccountDetailsPageContents" time="24.876" classname="Reg_AccountAccess.UserProfileAccountPage"/>
  <testcase name="verifyPageValidationErrorsAndSaveChangesAction" time="47.342" classname="Reg_AccountAccess.UserProfileAccountPage"/>
  <testcase name="shouldLogOut" time="13.847" classname="Reg_AccountAccess.UserProfileAccountPage"/>
  <testcase name="createActiveUserProfile" time="12.287" classname="Reg_AccountAccess.PasswordResetFuncViaAccountPage"/>
  <testcase name="changePasswordPageValidation" time="81.818" classname="Reg_AccountAccess.PasswordResetFuncViaAccountPage">
    <failure type="org.openqa.selenium.TimeoutException" message="Timed out after 50 seconds waiting for visibility of [[FirefoxDriver: firefox on WINDOWS (dc6f3410-fc98-40c4-8c41-53839931d7e1)] -&amp;gt; xpath: .//*[@id=&amp;apos;acc-old-password-errors&amp;apos;]//div[@class=&amp;apos;account-error-pass-required md-input-message-animation ng-scope&amp;apos;]/translate]
Build info: version: &amp;apos;2.53.0&amp;apos;, revision: &amp;apos;35ae25b1534ae328c771e0856c93e187490ca824&amp;apos;, time: &amp;apos;2016-03-15 10:43:46&amp;apos;
System info: host: &amp;apos;creme130&amp;apos;, ip: &amp;apos;192.168.17.130&amp;apos;, os.name: &amp;apos;Windows 10&amp;apos;, os.arch: &amp;apos;amd64&amp;apos;, os.version: &amp;apos;10.0&amp;apos;, java.version: &amp;apos;1.8.0_111&amp;apos;
Driver info: org.openqa.selenium.firefox.FirefoxDriver
Capabilities [{applicationCacheEnabled=true, rotatable=false, handlesAlerts=true, databaseEnabled=true, version=46.0.1, platform=WINDOWS, nativeEvents=false, acceptSslCerts=true, webStorageEnabled=true, locationContextEnabled=true, browserName=firefox, takesScreenshot=true, javascriptEnabled=true, cssSelectorsEnabled=true}]
Session ID: dc6f3410-fc98-40c4-8c41-53839931d7e1">
      <![CDATA[org.openqa.selenium.TimeoutException: Timed out after 50 seconds waiting for visibility of [[FirefoxDriver: firefox on WINDOWS (dc6f3410-fc98-40c4-8c41-53839931d7e1)] -> xpath: .//*[@id='acc-old-password-errors']//div[@class='account-error-pass-required md-input-message-animation ng-scope']/translate]
Build info: version: '2.53.0', revision: '35ae25b1534ae328c771e0856c93e187490ca824', time: '2016-03-15 10:43:46'
System info: host: 'creme130', ip: '192.168.17.130', os.name: 'Windows 10', os.arch: 'amd64', os.version: '10.0', java.version: '1.8.0_111'
Driver info: org.openqa.selenium.firefox.FirefoxDriver
Capabilities [{applicationCacheEnabled=true, rotatable=false, handlesAlerts=true, databaseEnabled=true, version=46.0.1, platform=WINDOWS, nativeEvents=false, acceptSslCerts=true, webStorageEnabled=true, locationContextEnabled=true, browserName=firefox, takesScreenshot=true, javascriptEnabled=true, cssSelectorsEnabled=true}]
Session ID: dc6f3410-fc98-40c4-8c41-53839931d7e1
	at org.openqa.selenium.support.ui.WebDriverWait.timeoutException(WebDriverWait.java:80)
	at org.openqa.selenium.support.ui.FluentWait.until(FluentWait.java:261)
	at Util.WaitTypes.waitForElementVisibilityByWebElement(WaitTypes.java:105)
	at Page.classes.AccountPage.verifyErrorMessageForNullCurrentPasswordTextBox(AccountPage.java:332)
	at Reg_AccountAccess.PasswordResetFuncViaAccountPage.changePasswordPageValidation(PasswordResetFuncViaAccountPage.java:142)
... Removed 24 stack frames]]>
    </failure>
  </testcase> <!-- changePasswordPageValidation -->
  <testcase name="VerifyChangePasswordFunctionality" time="0.0" classname="Reg_AccountAccess.PasswordResetFuncViaAccountPage">
    <skipped/>
  </testcase> <!-- VerifyChangePasswordFunctionality -->
  <testcase name="createActiveUserProfile" time="11.399" classname="Reg_AccountAccess.PasswordResetFuncViaForgotPasswordEmail"/>
  <testcase name="clickOnLostPasswordlink" time="2.833" classname="Reg_AccountAccess.PasswordResetFuncViaForgotPasswordEmail"/>
  <testcase name="resetPassword" time="3.646" classname="Reg_AccountAccess.PasswordResetFuncViaForgotPasswordEmail"/>
  <testcase name="forgotPasswordEmail" time="29.452" classname="Reg_AccountAccess.PasswordResetFuncViaForgotPasswordEmail"/>
  <testcase name="verifyChangePasswordPage" time="3.751" classname="Reg_AccountAccess.PasswordResetFuncViaForgotPasswordEmail"/>
  <testcase name="verifyGoBackToLoginLinkFunctionality" time="2.575" classname="Reg_AccountAccess.PasswordResetFuncViaForgotPasswordEmail"/>
  <testcase name="backToInbox" time="16.525" classname="Reg_AccountAccess.PasswordResetFuncViaForgotPasswordEmail"/>
  <testcase name="redirectToChangePasswordPage" time="3.477" classname="Reg_AccountAccess.PasswordResetFuncViaForgotPasswordEmail"/>
  <testcase name="resetPasswordFieldBlank" time="50.923" classname="Reg_AccountAccess.PasswordResetFuncViaForgotPasswordEmail">
    <failure type="org.openqa.selenium.TimeoutException" message="Timed out after 50 seconds waiting for visibility of [[FirefoxDriver: firefox on WINDOWS (dc6f3410-fc98-40c4-8c41-53839931d7e1)] -&amp;gt; xpath: //div[@class=&amp;apos;md-input-message-animation ng-scope&amp;apos;]//translate[text()=&amp;apos;Password is required.&amp;apos;]]
Build info: version: &amp;apos;2.53.0&amp;apos;, revision: &amp;apos;35ae25b1534ae328c771e0856c93e187490ca824&amp;apos;, time: &amp;apos;2016-03-15 10:43:46&amp;apos;
System info: host: &amp;apos;creme130&amp;apos;, ip: &amp;apos;192.168.17.130&amp;apos;, os.name: &amp;apos;Windows 10&amp;apos;, os.arch: &amp;apos;amd64&amp;apos;, os.version: &amp;apos;10.0&amp;apos;, java.version: &amp;apos;1.8.0_111&amp;apos;
Driver info: org.openqa.selenium.firefox.FirefoxDriver
Capabilities [{applicationCacheEnabled=true, rotatable=false, handlesAlerts=true, databaseEnabled=true, version=46.0.1, platform=WINDOWS, nativeEvents=false, acceptSslCerts=true, webStorageEnabled=true, locationContextEnabled=true, browserName=firefox, takesScreenshot=true, javascriptEnabled=true, cssSelectorsEnabled=true}]
Session ID: dc6f3410-fc98-40c4-8c41-53839931d7e1">
      <![CDATA[org.openqa.selenium.TimeoutException: Timed out after 50 seconds waiting for visibility of [[FirefoxDriver: firefox on WINDOWS (dc6f3410-fc98-40c4-8c41-53839931d7e1)] -> xpath: //div[@class='md-input-message-animation ng-scope']//translate[text()='Password is required.']]
Build info: version: '2.53.0', revision: '35ae25b1534ae328c771e0856c93e187490ca824', time: '2016-03-15 10:43:46'
System info: host: 'creme130', ip: '192.168.17.130', os.name: 'Windows 10', os.arch: 'amd64', os.version: '10.0', java.version: '1.8.0_111'
Driver info: org.openqa.selenium.firefox.FirefoxDriver
Capabilities [{applicationCacheEnabled=true, rotatable=false, handlesAlerts=true, databaseEnabled=true, version=46.0.1, platform=WINDOWS, nativeEvents=false, acceptSslCerts=true, webStorageEnabled=true, locationContextEnabled=true, browserName=firefox, takesScreenshot=true, javascriptEnabled=true, cssSelectorsEnabled=true}]
Session ID: dc6f3410-fc98-40c4-8c41-53839931d7e1
	at org.openqa.selenium.support.ui.WebDriverWait.timeoutException(WebDriverWait.java:80)
	at org.openqa.selenium.support.ui.FluentWait.until(FluentWait.java:261)
	at Util.WaitTypes.waitForElementVisibilityByWebElement(WaitTypes.java:105)
	at Page.classes.LogInPage.nullPasswordError(LogInPage.java:333)
	at Reg_AccountAccess.PasswordResetFuncViaForgotPasswordEmail.resetPasswordFieldBlank(PasswordResetFuncViaForgotPasswordEmail.java:188)
... Removed 24 stack frames]]>
    </failure>
  </testcase> <!-- resetPasswordFieldBlank -->
  <testcase name="resetPasswordAgainFieldBlank" time="0.0" classname="Reg_AccountAccess.PasswordResetFuncViaForgotPasswordEmail">
    <skipped/>
  </testcase> <!-- resetPasswordAgainFieldBlank -->
  <testcase name="resetPasswordandPasswordAgainFieldsBlank" time="0.0" classname="Reg_AccountAccess.PasswordResetFuncViaForgotPasswordEmail">
    <skipped/>
  </testcase> <!-- resetPasswordandPasswordAgainFieldsBlank -->
  <testcase name="passwordShorterThanMinLength" time="0.0" classname="Reg_AccountAccess.PasswordResetFuncViaForgotPasswordEmail">
    <skipped/>
  </testcase> <!-- passwordShorterThanMinLength -->
  <testcase name="passwordsDoNotMatch" time="0.0" classname="Reg_AccountAccess.PasswordResetFuncViaForgotPasswordEmail">
    <skipped/>
  </testcase> <!-- passwordsDoNotMatch -->
  <testcase name="passwordDoNotMeetCriteria" time="0.0" classname="Reg_AccountAccess.PasswordResetFuncViaForgotPasswordEmail">
    <skipped/>
  </testcase> <!-- passwordDoNotMeetCriteria -->
  <testcase name="resetPasswordFunctionality" time="0.0" classname="Reg_AccountAccess.PasswordResetFuncViaForgotPasswordEmail">
    <skipped/>
  </testcase> <!-- resetPasswordFunctionality -->
  <testcase name="verifyUserRedirectedToLoginPage" time="0.0" classname="Reg_AccountAccess.PasswordResetFuncViaForgotPasswordEmail">
    <skipped/>
  </testcase> <!-- verifyUserRedirectedToLoginPage -->
  <testcase name="verifyCanNotLoginOldPassword" time="0.0" classname="Reg_AccountAccess.PasswordResetFuncViaForgotPasswordEmail">
    <skipped/>
  </testcase> <!-- verifyCanNotLoginOldPassword -->
  <testcase name="verifyCanLogInNewPassword" time="0.0" classname="Reg_AccountAccess.PasswordResetFuncViaForgotPasswordEmail">
    <skipped/>
  </testcase> <!-- verifyCanLogInNewPassword -->
  <testcase name="deleteEmailFromZohoAccount" time="0.0" classname="Reg_AccountAccess.PasswordResetFuncViaForgotPasswordEmail">
    <skipped/>
  </testcase> <!-- deleteEmailFromZohoAccount -->
  <testcase name="createActiveUserProfile" time="11.664" classname="Reg_AccountAccess.TeamPage"/>
  <testcase name="verifyTeamListIsCorrect" time="50.661" classname="Reg_AccountAccess.TeamPage"/>
  <testcase name="verifyUserEditModeForOwnDetails" time="62.132" classname="Reg_AccountAccess.TeamPage"/>
  <testcase name="verifyReadOnlyModeForOtherMembersDetails" time="23.302" classname="Reg_AccountAccess.TeamPage"/>
  <testcase name="deletePreviouslyEnteredData" time="31.822" classname="Reg_AccountAccess.TeamPage"/>
  <testcase name="createActiveUserProfile" time="11.527" classname="Reg_AccountAccess.MyProfilePageFunctionality"/>
  <testcase name="verifyMyProfilePageContents" time="15.184" classname="Reg_AccountAccess.MyProfilePageFunctionality"/>
  <testcase name="verifyEditModeMyProfileHeader" time="55.842" classname="Reg_AccountAccess.MyProfilePageFunctionality"/>
  <testcase name="verifyEditModeDetailsSection" time="10.739" classname="Reg_AccountAccess.MyProfilePageFunctionality"/>
  <testcase name="verifyGravitarSource" time="40.802" classname="Reg_AccountAccess.MyProfilePageFunctionality"/>
  <testcase name="createInactiveUserProfile" time="9.341" classname="Reg_AccountAccess.ForgotPasswordFunctionality"/>
  <testcase name="verifyPageContentsAndStatus" time="8.658" classname="Reg_AccountAccess.ForgotPasswordFunctionality"/>
  <testcase name="verifyForgotPasswordErrorMessages" time="55.542" classname="Reg_AccountAccess.ForgotPasswordFunctionality">
    <failure type="org.openqa.selenium.TimeoutException" message="Timed out after 50 seconds waiting for visibility of [[FirefoxDriver: firefox on WINDOWS (dc6f3410-fc98-40c4-8c41-53839931d7e1)] -&amp;gt; xpath: //md-content[@id=&amp;apos;forgot-pwd-wrapper&amp;apos;]//*[@ng-repeat=&amp;apos;error in fieldErrors&amp;apos;]]
Build info: version: &amp;apos;2.53.0&amp;apos;, revision: &amp;apos;35ae25b1534ae328c771e0856c93e187490ca824&amp;apos;, time: &amp;apos;2016-03-15 10:43:46&amp;apos;
System info: host: &amp;apos;creme130&amp;apos;, ip: &amp;apos;192.168.17.130&amp;apos;, os.name: &amp;apos;Windows 10&amp;apos;, os.arch: &amp;apos;amd64&amp;apos;, os.version: &amp;apos;10.0&amp;apos;, java.version: &amp;apos;1.8.0_111&amp;apos;
Driver info: org.openqa.selenium.firefox.FirefoxDriver
Capabilities [{applicationCacheEnabled=true, rotatable=false, handlesAlerts=true, databaseEnabled=true, version=46.0.1, platform=WINDOWS, nativeEvents=false, acceptSslCerts=true, webStorageEnabled=true, locationContextEnabled=true, browserName=firefox, takesScreenshot=true, javascriptEnabled=true, cssSelectorsEnabled=true}]
Session ID: dc6f3410-fc98-40c4-8c41-53839931d7e1">
      <![CDATA[org.openqa.selenium.TimeoutException: Timed out after 50 seconds waiting for visibility of [[FirefoxDriver: firefox on WINDOWS (dc6f3410-fc98-40c4-8c41-53839931d7e1)] -> xpath: //md-content[@id='forgot-pwd-wrapper']//*[@ng-repeat='error in fieldErrors']]
Build info: version: '2.53.0', revision: '35ae25b1534ae328c771e0856c93e187490ca824', time: '2016-03-15 10:43:46'
System info: host: 'creme130', ip: '192.168.17.130', os.name: 'Windows 10', os.arch: 'amd64', os.version: '10.0', java.version: '1.8.0_111'
Driver info: org.openqa.selenium.firefox.FirefoxDriver
Capabilities [{applicationCacheEnabled=true, rotatable=false, handlesAlerts=true, databaseEnabled=true, version=46.0.1, platform=WINDOWS, nativeEvents=false, acceptSslCerts=true, webStorageEnabled=true, locationContextEnabled=true, browserName=firefox, takesScreenshot=true, javascriptEnabled=true, cssSelectorsEnabled=true}]
Session ID: dc6f3410-fc98-40c4-8c41-53839931d7e1
	at org.openqa.selenium.support.ui.WebDriverWait.timeoutException(WebDriverWait.java:80)
	at org.openqa.selenium.support.ui.FluentWait.until(FluentWait.java:261)
	at Util.WaitTypes.waitForElementVisibilityByWebElement(WaitTypes.java:105)
	at Page.classes.LogInPage.emailNotRecognizedErrorMessageIsDisplayed(LogInPage.java:263)
	at Reg_AccountAccess.ForgotPasswordFunctionality.verifyForgotPasswordErrorMessages(ForgotPasswordFunctionality.java:125)
... Removed 24 stack frames]]>
    </failure>
  </testcase> <!-- verifyForgotPasswordErrorMessages -->
  <testcase name="verifyActivationEmailReceivedAndDelete" time="0.0" classname="Reg_AccountAccess.ForgotPasswordFunctionality">
    <skipped/>
  </testcase> <!-- verifyActivationEmailReceivedAndDelete -->
  <testcase name="activateUserProfileAndVerifyForgotPasswordAccepted" time="0.0" classname="Reg_AccountAccess.ForgotPasswordFunctionality">
    <skipped/>
  </testcase> <!-- activateUserProfileAndVerifyForgotPasswordAccepted -->
  <testcase name="verifyPasswordResetEmailAndChangePassword" time="0.0" classname="Reg_AccountAccess.ForgotPasswordFunctionality">
    <skipped/>
  </testcase> <!-- verifyPasswordResetEmailAndChangePassword -->
  <testcase name="verifyAccessCredentialsPostPasswordChange" time="0.0" classname="Reg_AccountAccess.ForgotPasswordFunctionality">
    <skipped/>
  </testcase> <!-- verifyAccessCredentialsPostPasswordChange -->
</testsuite> <!-- AccountAccessRegressionTest -->
